#
# A fatal error has been detected by the Java Runtime Environment:
#
#  EXCEPTION_ACCESS_VIOLATION (0xc0000005) at pc=0x00007fffe4851222, pid=33424, tid=0x0000000000005300
#
# JRE version: OpenJDK Runtime Environment (8.0_232-b09) (build 1.8.0_232-b09)
# Java VM: OpenJDK 64-Bit Server VM (25.232-b09 mixed mode windows-amd64 compressed oops)
# Problematic frame:
# C  [glfw.dll+0x1222]
#
# Failed to write core dump. Minidumps are not enabled by default on client versions of Windows
#
# If you would like to submit a bug report, please visit:
#   
# The crash happened outside the Java Virtual Machine in native code.
# See problematic frame for where to report the bug.
#

---------------  T H R E A D  ---------------

Current thread (0x0000019b15e40800):  JavaThread "main" [_thread_in_native, id=21248, stack(0x000000466c600000,0x000000466c700000)]

siginfo: ExceptionCode=0xc0000005, reading address 0x00000000000001f9

Registers:
RAX=0x0000000000000001, RBX=0x0000019b3046bb80, RCX=0x000000466c6fedf0, RDX=0x0000000000000000
RSP=0x000000466c6feda0, RBP=0x000000466c6feed0, RSI=0x00000000000001e0, RDI=0x0000000000000280
R8 =0x0000019b33d52fcf, R9 =0x0000000000000000, R10=0x0000000000000001, R11=0x00000000538940c0
R12=0x0000000000000000, R13=0x0000019b3046bb80, R14=0x0000000000000000, R15=0x0000019b15e40800
RIP=0x00007fffe4851222, EFLAGS=0x0000000000010202

Top of Stack: (sp=0x000000466c6feda0)
0x000000466c6feda0:   0000000000000000 00000000538776c0
0x000000466c6fedb0:   00007d94883367d4 00000000536a6728
0x000000466c6fedc0:   000000466c6fef20 00007fffe485617d
0x000000466c6fedd0:   000000466c6fef20 0000019b15e282b0
0x000000466c6fede0:   000000014ccccab7 00000000000000ff
0x000000466c6fedf0:   0003600100030001 0000000000000001
0x000000466c6fee00:   0000000000000000 0000000000000000
0x000000466c6fee10:   0000000000000000 0000000000000001
0x000000466c6fee20:   0000000000000000 000000005392d5b7
0x000000466c6fee30:   000001e000000280 0000019b33d52fcf
0x000000466c6fee40:   0000000000000001 0000000100000001
0x000000466c6fee50:   0000000000000001 0000000100000000
0x000000466c6fee60:   0000000000000001 0000000000000001
0x000000466c6fee70:   0000000000000000 0000000000000000
0x000000466c6fee80:   0000000000000000 0000000000000000
0x000000466c6fee90:   0000000000000000 0000000000000000 

Instructions: (pc=0x00007fffe4851222)
0x00007fffe4851202:   c3 cc cc cc cc cc cc cc cc cc cc cc cc cc 48 83
0x00007fffe4851212:   ec 28 48 8b 41 28 48 85 c0 74 21 83 39 00 74 09
0x00007fffe4851222:   83 b8 f8 01 00 00 00 75 13 33 d2 b9 0a 00 01 00
0x00007fffe4851232:   e8 29 0a 00 00 33 c0 48 83 c4 28 c3 44 8b 41 04 


Register to memory mapping:

RAX=0x0000000000000001 is an unknown value
RBX={method} {0x0000019b3046bb88} 'invokePPPP' '(IIJJJJ)J' in 'org/lwjgl/system/JNI'
RCX=0x000000466c6fedf0 is pointing into the stack for thread: 0x0000019b15e40800
RDX=0x0000000000000000 is an unknown value
RSP=0x000000466c6feda0 is pointing into the stack for thread: 0x0000019b15e40800
RBP=0x000000466c6feed0 is pointing into the stack for thread: 0x0000019b15e40800
RSI=0x00000000000001e0 is an unknown value
RDI=0x0000000000000280 is an unknown value
R8 =0x0000019b33d52fcf is an unknown value
R9 =0x0000000000000000 is an unknown value
R10=0x0000000000000001 is an unknown value
R11=0x00000000538940c0 is an unknown value
R12=0x0000000000000000 is an unknown value
R13={method} {0x0000019b3046bb88} 'invokePPPP' '(IIJJJJ)J' in 'org/lwjgl/system/JNI'
R14=0x0000000000000000 is an unknown value
R15=0x0000019b15e40800 is a thread


Stack: [0x000000466c600000,0x000000466c700000],  sp=0x000000466c6feda0,  free space=1019k
Native frames: (J=compiled Java code, j=interpreted, Vv=VM code, C=native code)
C  [glfw.dll+0x1222]
C  [glfw.dll+0x617d]
C  0x0000019b17719c8e

Java frames: (J=compiled Java code, j=interpreted, Vv=VM code)
j  org.lwjgl.system.JNI.invokePPPP(IIJJJJ)J+0
j  org.lwjgl.glfw.GLFW.nglfwCreateWindow(IIJJJ)J+14
j  org.lwjgl.glfw.GLFW.glfwCreateWindow(IILjava/lang/CharSequence;JJ)J+37
j  dev.exvaccum.bert.control.graphics.GameWindow.run()V+37
j  dev.exvaccum.bert.control.graphics.GameWindow.<init>(IILjava/lang/String;)V+213
j  dev.exvaccum.bert.control.graphics.GameWindow.<init>(II)V+205
j  dev.exvaccum.bert.control.graphics.GameWindow.main([Ljava/lang/String;)V+10
v  ~StubRoutines::call_stub

---------------  P R O C E S S  ---------------

Java Threads: ( => current thread )
  0x0000019b30bde000 JavaThread "Service Thread" daemon [_thread_blocked, id=22604, stack(0x000000466da00000,0x000000466db00000)]
  0x0000019b30bd9000 JavaThread "C1 CompilerThread3" daemon [_thread_blocked, id=12156, stack(0x000000466d900000,0x000000466da00000)]
  0x0000019b32efe000 JavaThread "C2 CompilerThread2" daemon [_thread_blocked, id=18284, stack(0x000000466d800000,0x000000466d900000)]
  0x0000019b32efb000 JavaThread "C2 CompilerThread1" daemon [_thread_blocked, id=30076, stack(0x000000466d700000,0x000000466d800000)]
  0x0000019b32ef6800 JavaThread "C2 CompilerThread0" daemon [_thread_blocked, id=3280, stack(0x000000466d600000,0x000000466d700000)]
  0x0000019b32ef5800 JavaThread "Attach Listener" daemon [_thread_blocked, id=8676, stack(0x000000466d500000,0x000000466d600000)]
  0x0000019b30bd8800 JavaThread "Signal Dispatcher" daemon [_thread_blocked, id=21112, stack(0x000000466d400000,0x000000466d500000)]
  0x0000019b15eca000 JavaThread "Finalizer" daemon [_thread_blocked, id=30356, stack(0x000000466d300000,0x000000466d400000)]
  0x0000019b15ec5000 JavaThread "Reference Handler" daemon [_thread_blocked, id=30768, stack(0x000000466d200000,0x000000466d300000)]
=>0x0000019b15e40800 JavaThread "main" [_thread_in_native, id=21248, stack(0x000000466c600000,0x000000466c700000)]

Other Threads:
  0x0000019b15ec2800 VMThread [stack: 0x000000466d100000,0x000000466d200000] [id=33180]
  0x0000019b32fa1000 WatcherThread [stack: 0x000000466db00000,0x000000466dc00000] [id=20632]

VM state:not at safepoint (normal execution)

VM Mutex/Monitor currently owned by a thread: None

heap address: 0x00000006c2600000, size: 4058 MB, Compressed Oops mode: Zero based, Oop shift amount: 3
Narrow klass base: 0x0000000000000000, Narrow klass shift: 3
Compressed class space size: 1073741824 Address: 0x00000007c0000000

Heap:
 PSYoungGen      total 75776K, used 14353K [0x000000076b780000, 0x0000000770c00000, 0x00000007c0000000)
  eden space 65024K, 22% used [0x000000076b780000,0x000000076c5847e0,0x000000076f700000)
  from space 10752K, 0% used [0x0000000770180000,0x0000000770180000,0x0000000770c00000)
  to   space 10752K, 0% used [0x000000076f700000,0x000000076f700000,0x0000000770180000)
 ParOldGen       total 173568K, used 0K [0x00000006c2600000, 0x00000006ccf80000, 0x000000076b780000)
  object space 173568K, 0% used [0x00000006c2600000,0x00000006c2600000,0x00000006ccf80000)
 Metaspace       used 6216K, capacity 6472K, committed 6656K, reserved 1056768K
  class space    used 642K, capacity 740K, committed 768K, reserved 1048576K

Card table byte_map: [0x0000019b26ac0000,0x0000019b272b0000] byte_map_base: 0x0000019b234ad000

Marking Bits: (ParMarkBitMap*) 0x0000000053e25f70
 Begin Bits: [0x0000019b27800000, 0x0000019b2b768000)
 End Bits:   [0x0000019b2b768000, 0x0000019b2f6d0000)

Polling page: 0x0000019b15dc0000

CodeCache: size=245760Kb used=2796Kb max_used=2796Kb free=242964Kb
 bounds [0x0000019b17700000, 0x0000019b179c0000, 0x0000019b26700000]
 total_blobs=1320 nmethods=543 adapters=691
 compilation: enabled

Compilation events (10 events):
Event: 0.365 Thread 0x0000019b30bd9000  536       3       sun.misc.URLClassPath$JarLoader$3::run (5 bytes)
Event: 0.366 Thread 0x0000019b30bd9000 nmethod 536 0x0000019b17979850 code [0x0000019b179799c0, 0x0000019b17979c90]
Event: 0.366 Thread 0x0000019b30bd9000  537       3       sun.misc.URLClassPath$JarLoader$3::run (33 bytes)
Event: 0.366 Thread 0x0000019b30bd9000 nmethod 537 0x0000019b17979390 code [0x0000019b17979500, 0x0000019b17979770]
Event: 0.369 Thread 0x0000019b30bd9000  538       3       sun.misc.URLClassPath::access$100 (7 bytes)
Event: 0.369 Thread 0x0000019b30bd9000 nmethod 538 0x0000019b17978fd0 code [0x0000019b17979140, 0x0000019b179792b0]
Event: 0.370 Thread 0x0000019b30bd9000  541       3       org.lwjgl.system.MemoryUtil::encodeASCII (66 bytes)
Event: 0.371 Thread 0x0000019b30bd9000 nmethod 541 0x0000019b17978110 code [0x0000019b179782a0, 0x0000019b179786a0]
Event: 0.371 Thread 0x0000019b30bd9000  542       3       java.nio.DirectByteBuffer::ix (10 bytes)
Event: 0.371 Thread 0x0000019b30bd9000 nmethod 542 0x0000019b17970910 code [0x0000019b17970a60, 0x0000019b17970bb8]

GC Heap History (0 events):
No events

Deoptimization events (1 events):
Event: 0.345 Thread 0x0000019b15e40800 Uncommon trap: reason=unstable_if action=reinterpret pc=0x0000019b179154b4 method=java.lang.String.lastIndexOf([CII[CIII)I @ 66

Classes redefined (0 events):
No events

Internal exceptions (10 events):
Event: 0.366 Thread 0x0000019b15e40800 Exception <a 'java/security/PrivilegedActionException'> (0x000000076c474738) thrown at [C:\cygwin64\tmp\openjdk-jdk8u-windows-x64-hotspot\workspace\build\src\hotspot\src\share\vm\prims\jvm.cpp, line 1502]
Event: 0.366 Thread 0x0000019b15e40800 Exception <a 'java/security/PrivilegedActionException'> (0x000000076c474b30) thrown at [C:\cygwin64\tmp\openjdk-jdk8u-windows-x64-hotspot\workspace\build\src\hotspot\src\share\vm\prims\jvm.cpp, line 1502]
Event: 0.366 Thread 0x0000019b15e40800 Exception <a 'java/security/PrivilegedActionException'> (0x000000076c476d90) thrown at [C:\cygwin64\tmp\openjdk-jdk8u-windows-x64-hotspot\workspace\build\src\hotspot\src\share\vm\prims\jvm.cpp, line 1502]
Event: 0.366 Thread 0x0000019b15e40800 Exception <a 'java/security/PrivilegedActionException'> (0x000000076c477188) thrown at [C:\cygwin64\tmp\openjdk-jdk8u-windows-x64-hotspot\workspace\build\src\hotspot\src\share\vm\prims\jvm.cpp, line 1502]
Event: 0.370 Thread 0x0000019b15e40800 Exception <a 'java/security/PrivilegedActionException'> (0x000000076c4a4a18) thrown at [C:\cygwin64\tmp\openjdk-jdk8u-windows-x64-hotspot\workspace\build\src\hotspot\src\share\vm\prims\jvm.cpp, line 1502]
Event: 0.370 Thread 0x0000019b15e40800 Exception <a 'java/security/PrivilegedActionException'> (0x000000076c4a4c28) thrown at [C:\cygwin64\tmp\openjdk-jdk8u-windows-x64-hotspot\workspace\build\src\hotspot\src\share\vm\prims\jvm.cpp, line 1502]
Event: 0.371 Thread 0x0000019b15e40800 Exception <a 'java/security/PrivilegedActionException'> (0x000000076c4a6c68) thrown at [C:\cygwin64\tmp\openjdk-jdk8u-windows-x64-hotspot\workspace\build\src\hotspot\src\share\vm\prims\jvm.cpp, line 1502]
Event: 0.371 Thread 0x0000019b15e40800 Exception <a 'java/security/PrivilegedActionException'> (0x000000076c4a6e78) thrown at [C:\cygwin64\tmp\openjdk-jdk8u-windows-x64-hotspot\workspace\build\src\hotspot\src\share\vm\prims\jvm.cpp, line 1502]
Event: 0.371 Thread 0x0000019b15e40800 Exception <a 'java/security/PrivilegedActionException'> (0x000000076c4abed8) thrown at [C:\cygwin64\tmp\openjdk-jdk8u-windows-x64-hotspot\workspace\build\src\hotspot\src\share\vm\prims\jvm.cpp, line 1502]
Event: 0.371 Thread 0x0000019b15e40800 Exception <a 'java/security/PrivilegedActionException'> (0x000000076c4ac0e8) thrown at [C:\cygwin64\tmp\openjdk-jdk8u-windows-x64-hotspot\workspace\build\src\hotspot\src\share\vm\prims\jvm.cpp, line 1502]

Events (10 events):
Event: 0.363 loading class org/lwjgl/BufferUtils
Event: 0.363 loading class org/lwjgl/BufferUtils done
Event: 0.366 loading class org/lwjgl/system/windows/WinBase
Event: 0.366 loading class org/lwjgl/system/windows/WinBase done
Event: 0.369 loading class org/lwjgl/glfw/GLFW$Functions
Event: 0.369 loading class org/lwjgl/glfw/GLFW$Functions done
Event: 0.370 loading class org/lwjgl/system/JNI
Event: 0.370 loading class org/lwjgl/system/JNI done
Event: 0.482 loading class org/lwjgl/glfw/EventLoop$OffScreen
Event: 0.482 loading class org/lwjgl/glfw/EventLoop$OffScreen done


Dynamic libraries:
0x00007ff7f9840000 - 0x00007ff7f987a000 	C:\Program Files\AdoptOpenJDK\jdk-8.0.232.09-hotspot\bin\java.exe
0x00007ff82e520000 - 0x00007ff82e710000 	C:\WINDOWS\SYSTEM32\ntdll.dll
0x00007ff82cb40000 - 0x00007ff82cbf2000 	C:\WINDOWS\System32\KERNEL32.DLL
0x00007ff82c030000 - 0x00007ff82c2d3000 	C:\WINDOWS\System32\KERNELBASE.dll
0x00007ff82d720000 - 0x00007ff82d7c3000 	C:\WINDOWS\System32\ADVAPI32.dll
0x00007ff82cc00000 - 0x00007ff82cc9e000 	C:\WINDOWS\System32\msvcrt.dll
0x00007ff82c5d0000 - 0x00007ff82c667000 	C:\WINDOWS\System32\sechost.dll
0x00007ff82c8e0000 - 0x00007ff82ca00000 	C:\WINDOWS\System32\RPCRT4.dll
0x00007ff82d7d0000 - 0x00007ff82d964000 	C:\WINDOWS\System32\USER32.dll
0x00007ff82be60000 - 0x00007ff82be81000 	C:\WINDOWS\System32\win32u.dll
0x00007ff82e260000 - 0x00007ff82e286000 	C:\WINDOWS\System32\GDI32.dll
0x00007ff82be90000 - 0x00007ff82c024000 	C:\WINDOWS\System32\gdi32full.dll
0x00007ff82c2e0000 - 0x00007ff82c37e000 	C:\WINDOWS\System32\msvcp_win.dll
0x00007ff82c380000 - 0x00007ff82c47a000 	C:\WINDOWS\System32\ucrtbase.dll
0x00007ff82a8f0000 - 0x00007ff82ab75000 	C:\WINDOWS\WinSxS\amd64_microsoft.windows.common-controls_6595b64144ccf1df_6.0.18362.720_none_e6beb5c51314836b\COMCTL32.dll
0x00007ff82d330000 - 0x00007ff82d666000 	C:\WINDOWS\System32\combase.dll
0x00007ff82bce0000 - 0x00007ff82bd60000 	C:\WINDOWS\System32\bcryptPrimitives.dll
0x00007ff82c850000 - 0x00007ff82c87e000 	C:\WINDOWS\System32\IMM32.DLL
0x00007fffc2f70000 - 0x00007fffc305f000 	C:\Program Files\AdoptOpenJDK\jdk-8.0.232.09-hotspot\jre\bin\msvcr120.dll
0x00007fffbd580000 - 0x00007fffbd626000 	C:\Program Files\AdoptOpenJDK\jdk-8.0.232.09-hotspot\jre\bin\msvcp120.dll
0x00000000536a0000 - 0x0000000053e9f000 	C:\Program Files\AdoptOpenJDK\jdk-8.0.232.09-hotspot\jre\bin\server\jvm.dll
0x00007ff82c760000 - 0x00007ff82c768000 	C:\WINDOWS\System32\PSAPI.DLL
0x00007ff828710000 - 0x00007ff828734000 	C:\WINDOWS\SYSTEM32\WINMM.dll
0x00007ff816d50000 - 0x00007ff816d59000 	C:\WINDOWS\SYSTEM32\WSOCK32.dll
0x00007ff823aa0000 - 0x00007ff823aaa000 	C:\WINDOWS\SYSTEM32\VERSION.dll
0x00007ff82e3c0000 - 0x00007ff82e42f000 	C:\WINDOWS\System32\WS2_32.dll
0x00007ff8285b0000 - 0x00007ff8285dd000 	C:\WINDOWS\SYSTEM32\WINMMBASE.dll
0x00007ff82bd60000 - 0x00007ff82bdaa000 	C:\WINDOWS\System32\cfgmgr32.dll
0x00007ff823350000 - 0x00007ff82335f000 	C:\Program Files\AdoptOpenJDK\jdk-8.0.232.09-hotspot\jre\bin\verify.dll
0x00007ff8156e0000 - 0x00007ff815708000 	C:\Program Files\AdoptOpenJDK\jdk-8.0.232.09-hotspot\jre\bin\java.dll
0x00007ff815220000 - 0x00007ff815236000 	C:\Program Files\AdoptOpenJDK\jdk-8.0.232.09-hotspot\jre\bin\zip.dll
0x00007ff82d970000 - 0x00007ff82e055000 	C:\WINDOWS\System32\SHELL32.dll
0x00007ff82e430000 - 0x00007ff82e4d9000 	C:\WINDOWS\System32\shcore.dll
0x00007ff82b4d0000 - 0x00007ff82bc50000 	C:\WINDOWS\System32\windows.storage.dll
0x00007ff82b480000 - 0x00007ff82b4a3000 	C:\WINDOWS\System32\profapi.dll
0x00007ff82b410000 - 0x00007ff82b45a000 	C:\WINDOWS\System32\powrprof.dll
0x00007ff82b3e0000 - 0x00007ff82b3f0000 	C:\WINDOWS\System32\UMPDC.dll
0x00007ff82e360000 - 0x00007ff82e3b2000 	C:\WINDOWS\System32\shlwapi.dll
0x00007ff82b3f0000 - 0x00007ff82b401000 	C:\WINDOWS\System32\kernel.appcore.dll
0x00007ff82b4b0000 - 0x00007ff82b4c7000 	C:\WINDOWS\System32\cryptsp.dll
0x00007fffb7670000 - 0x00007fffb7805000 	C:\Program Files\AdoptOpenJDK\jdk-8.0.232.09-hotspot\jre\bin\awt.dll
0x00007ff82e290000 - 0x00007ff82e354000 	C:\WINDOWS\System32\OLEAUT32.dll
0x00007ff8288b0000 - 0x00007ff82893f000 	C:\WINDOWS\SYSTEM32\apphelp.dll
0x00007ff815200000 - 0x00007ff81521a000 	C:\Program Files\AdoptOpenJDK\jdk-8.0.232.09-hotspot\jre\bin\net.dll
0x00007ff82a5d0000 - 0x00007ff82a637000 	C:\WINDOWS\system32\mswsock.dll
0x00007ff8151e0000 - 0x00007ff8151f2000 	C:\Program Files\AdoptOpenJDK\jdk-8.0.232.09-hotspot\jre\bin\nio.dll
0x00007fffe5f50000 - 0x00007fffe5fb4000 	C:\Users\barts\AppData\Local\Temp\lwjglbarts\3.2.3-build-13\lwjgl.dll
0x00007fffe4850000 - 0x00007fffe48b2000 	C:\Users\barts\AppData\Local\Temp\lwjglbarts\3.2.3-build-13\glfw.dll
0x00007ff8289b0000 - 0x00007ff828a49000 	C:\WINDOWS\system32\uxtheme.dll
0x00007fffe4be0000 - 0x00007fffe4c23000 	C:\WINDOWS\SYSTEM32\dinput8.dll
0x00007ff815390000 - 0x00007ff8153a1000 	C:\WINDOWS\SYSTEM32\xinput1_4.dll
0x00007ff82b1e0000 - 0x00007ff82b20a000 	C:\WINDOWS\SYSTEM32\DEVOBJ.dll
0x00007ff828dd0000 - 0x00007ff828dfd000 	C:\WINDOWS\SYSTEM32\dwmapi.dll
0x00007ff81ffc0000 - 0x00007ff8200da000 	C:\WINDOWS\SYSTEM32\inputhost.dll
0x00007ff825ed0000 - 0x00007ff826023000 	C:\WINDOWS\SYSTEM32\wintypes.dll
0x00007ff825990000 - 0x00007ff825cba000 	C:\WINDOWS\SYSTEM32\CoreUIComponents.dll
0x00007ff8284d0000 - 0x00007ff8285a4000 	C:\WINDOWS\SYSTEM32\CoreMessaging.dll
0x00007ff826ff0000 - 0x00007ff8270df000 	C:\WINDOWS\SYSTEM32\PROPSYS.dll
0x00007ff82aec0000 - 0x00007ff82aef1000 	C:\WINDOWS\SYSTEM32\ntmarta.dll
0x00007ff82ca00000 - 0x00007ff82cb36000 	C:\WINDOWS\System32\MSCTF.dll
0x00007ff829210000 - 0x00007ff82921e000 	C:\WINDOWS\SYSTEM32\HID.DLL
0x00007ff82cca0000 - 0x00007ff82d110000 	C:\WINDOWS\System32\SETUPAPI.DLL
0x00007ff82bcb0000 - 0x00007ff82bcd6000 	C:\WINDOWS\System32\bcrypt.dll
0x00007ff82bc50000 - 0x00007ff82bcac000 	C:\WINDOWS\System32\WINTRUST.dll
0x00007ff82b460000 - 0x00007ff82b472000 	C:\WINDOWS\System32\MSASN1.dll
0x00007ff82c480000 - 0x00007ff82c5c9000 	C:\WINDOWS\System32\CRYPT32.dll
0x00007ff82af00000 - 0x00007ff82b0f4000 	C:\WINDOWS\SYSTEM32\dbghelp.dll

VM Arguments:
jvm_args: -Dfile.encoding=windows-1252 -Duser.country=CA -Duser.language=en -Duser.variant 
java_command: dev.exvaccum.bert.control.graphics.GameWindow
java_class_path (initial): D:\Documents\bert\build\classes\java\main;D:\Documents\bert\build\resources\main;C:\Users\barts\.gradle\caches\modules-2\files-2.1\com.google.guava\guava\28.0-jre\54fed371b4b8a8cce1e94a9abd9620982d3aa54b\guava-28.0-jre.jar;C:\Users\barts\.gradle\caches\modules-2\files-2.1\org.lwjgl\lwjgl-assimp\3.2.3\f62aa07a20afbdd3097efc296c4841e0d29700eb\lwjgl-assimp-3.2.3.jar;C:\Users\barts\.gradle\caches\modules-2\files-2.1\org.lwjgl\lwjgl-assimp\3.2.3\4e60aeb75f0343c4a9ede4ef8b6b32ca702a00a3\lwjgl-assimp-3.2.3-natives-windows.jar;C:\Users\barts\.gradle\caches\modules-2\files-2.1\org.lwjgl\lwjgl-bgfx\3.2.3\433883c4040fa8df47244dffa1d42c96ce2143de\lwjgl-bgfx-3.2.3.jar;C:\Users\barts\.gradle\caches\modules-2\files-2.1\org.lwjgl\lwjgl-bgfx\3.2.3\f589da97dd3cfa96f42c8c812a0a028cf28223b8\lwjgl-bgfx-3.2.3-natives-windows.jar;C:\Users\barts\.gradle\caches\modules-2\files-2.1\org.lwjgl\lwjgl-cuda\3.2.3\fb91f3aaa29e69eee7f1314a63d3e3068ad138e4\lwjgl-cuda-3.2.3.jar;C:\Users\barts\.gradle\caches\modules-2\files-2.1\org.lwjgl\lwjgl-egl\3.2.3\45ad689a4346fac69d4e8696fa02aaa98f0ea196\lwjgl-egl-3.2.3.jar;C:\Users\barts\.gradle\caches\modules-2\files-2.1\org.lwjgl\lwjgl-glfw\3.2.3\5e520d5c290c8b012545a8d34fa5db5ab051ea53\lwjgl-glfw-3.2.3.jar;C:\Users\barts\.gradle\caches\modules-2\files-2.1\org.lwjgl\lwjgl-glfw\3.2.3\b4d8a3477cdc2edcf7a5f1e822926be846223f54\lwjgl-glfw-3.2.3-natives-windows.jar;C:\Users\barts\.gradle\caches\modules-2\files-2.1\org.lwjgl\lwjgl-jawt\3.2.3\b93ceb43c55c28651e178af42e1f344e1e9d8bf3\lwjgl-jawt-3.2.3.jar;C:\Users\barts\.gradle\caches\modules-2\files-2.1\org.lwjgl\lwjgl-jemalloc\3.2.3\b6fd0932171ba3f2eaa4547beddca3a3e645342d\lwjgl-jemalloc-3.2.3.jar;C:\Users\barts\.gradle\caches\modules-2\files-2.1\org.lwjgl\lwjgl-jemalloc\3.2.3\3423fd0d4c7c1916c8f46b2075c4c2df02f22675\lwjgl-jemalloc-3.2.3-natives-windows.jar;C:\Users\barts\.gradle\caches\modules-2\files-2.1\org.lwjgl\lwjgl-libdivide\3.2.3\58c515f934b8b3fd64897d436a9aaea518ac180a\lwjgl-libd
Launcher Type: SUN_STANDARD

Environment Variables:
JAVA_HOME=C:\Program Files\AdoptOpenJDK\jre-13.0.2.8-hotspot\
CLASSPATH=".;C:\Javalib\antlr-complete.jar;";
PATH=C:\Program Files\AdoptOpenJDK\jre-13.0.2.8-hotspot\bin;C:\Perl64\site\bin;C:\Perl64\bin;C:\Program Files\National Instruments\Shared\OpenVINO\;C:\Program Files\AdoptOpenJDK\jdk-8.0.232.09-hotspot\bin;C:\Program Files\AdoptOpenJDK\jre-11.0.4.11-hotspot\bin;C:\Program Files\AdoptOpenJDK\jdk-11.0.4.11-hotspot\bin;C:\Program Files (x86)\Common Files\Oracle\Java\javapath;C:\Windows\system32;C:\Windows;C:\Windows\System32\Wbem;C:\Windows\System32\WindowsPowerShell\v1.0\;C:\Windows\System32\OpenSSH\;C:\Program Files (x86)\NVIDIA Corporation\PhysX\Common;C:\Program Files\NVIDIA Corporation\NVIDIA NvDLISR;C:\Users\Public\frc2019\roborio\bin;C:\Users\Public\frc2019\frccode;C:\Program Files\Git\cmd;C:\WINDOWS\system32;C:\WINDOWS;C:\WINDOWS\System32\Wbem;C:\WINDOWS\System32\WindowsPowerShell\v1.0\;C:\WINDOWS\System32\OpenSSH\;C:\Program Files\PuTTY\;C:\Program Files (x86)\Wolfram Research\WolframScript\;C:\gradle-5.6.2\bin;D:\Documents\antlr\;C:\Program Files\nodejs\;C:\ProgramData\chocolatey\bin;C:\Program Files (x86)\QuickTime\QTSystem\;C:\Users\Public\wpilib\2020\roborio\bin;C:\Users\Public\wpilib\2020\frccode;C:\Users\barts\AppData\Local\Programs\Python\Python38-32;C:\Users\barts\AppData\Local\Programs\Python\Python38-32\Scripts;C:\Program Files\Gource\cmd;C:\Ruby26-x64\bin;C:\Users\barts\AppData\Local\Microsoft\WindowsApps;C:\Users\barts\AppData\Local\atom\bin;C:\Users\Public\frc2019\roborio\bin;C:\Users\Public\frc2019\frccode;C:\Users\barts\AppData\Local\Microsoft\WindowsApps;C:\Users\barts\AppData\Local\Programs\Microsoft VS Code\bin;C:\Program Files\JetBrains\IntelliJ IDEA 2019.2.3\bin;C:\Users\barts\AppData\Roaming\npm;C:\Users\Public\wpilib\2020\roborio\bin;C:\Users\Public\wpilib\2020\frccode;C:\Users\barts\AppData\Local\Keybase\
USERNAME=barts
OS=Windows_NT
PROCESSOR_IDENTIFIER=Intel64 Family 6 Model 158 Stepping 10, GenuineIntel



---------------  S Y S T E M  ---------------

OS: Windows 10.0 , 64 bit Build 18362 (10.0.18362.329)

CPU:total 12 (initial active 12) (6 cores per cpu, 2 threads per core) family 6 model 158 stepping 10, cmov, cx8, fxsr, mmx, sse, sse2, sse3, ssse3, sse4.1, sse4.2, popcnt, avx, avx2, aes, clmul, erms, 3dnowpref, lzcnt, ht, tsc, tscinvbit, bmi1, bmi2, adx

Memory: 4k page, physical 16620788k(5439088k free), swap 26582260k(5633452k free)

vm_info: OpenJDK 64-Bit Server VM (25.232-b09) for windows-amd64 JRE (1.8.0_232-b09), built on Oct 18 2019 15:06:13 by "jenkins" with MS VC++ 12.0 (VS2013)

time: Thu Mar 26 20:41:26 2020
timezone: Eastern Daylight Time
elapsed time: 0 seconds (0d 0h 0m 0s)

