#
# A fatal error has been detected by the Java Runtime Environment:
#
#  EXCEPTION_ACCESS_VIOLATION (0xc0000005) at pc=0x00007fffa7e61c60, pid=21628, tid=0x0000000000003c84
#
# JRE version: OpenJDK Runtime Environment (8.0_232-b09) (build 1.8.0_232-b09)
# Java VM: OpenJDK 64-Bit Server VM (25.232-b09 mixed mode windows-amd64 compressed oops)
# Problematic frame:
# C  [ig9icd64.dll+0x151c60]
#
# Failed to write core dump. Minidumps are not enabled by default on client versions of Windows
#
# If you would like to submit a bug report, please visit:
#   
# The crash happened outside the Java Virtual Machine in native code.
# See problematic frame for where to report the bug.
#

---------------  T H R E A D  ---------------

Current thread (0x000002481e8ef000):  JavaThread "main" [_thread_in_native, id=15492, stack(0x0000005b4fe00000,0x0000005b4ff00000)]

siginfo: ExceptionCode=0xc0000005, reading address 0x0000024847c6b000

Registers:
RAX=0x0000000000000015, RBX=0x0000005b4fefe2c0, RCX=0x0000000000000000, RDX=0x0000024847c6b000
RSP=0x0000005b4fefe1d0, RBP=0x0000000000000024, RSI=0x0000024840491900, RDI=0x0000024840492380
R8 =0x0000000000000c40, R9 =0x0000000000000018, R10=0x0000000000000015, R11=0x000002483c8cffe4
R12=0x0000000000000000, R13=0x0000005b4fefe450, R14=0x0000000000000c40, R15=0x00000000000001c1
RIP=0x00007fffa7e61c60, EFLAGS=0x0000000000010293

Top of Stack: (sp=0x0000005b4fefe1d0)
0x0000005b4fefe1d0:   cafebabecafebabe 0000000000000000
0x0000005b4fefe1e0:   0000000000000000 0000000000000000
0x0000005b4fefe1f0:   0000024847c6a580 00007fffa81fe9d0
0x0000005b4fefe200:   0000005b4fefe3b0 0000024847c60640
0x0000005b4fefe210:   00007fffa81fe600 0000005b4fefe450
0x0000005b4fefe220:   0000000000000000 00007fffa820128b
0x0000005b4fefe230:   0000005b4fefe330 0000005b4fefe410
0x0000005b4fefe240:   0000024840487000 00007fffa81ff910
0x0000005b4fefe250:   40001dc04000004d 0000000000000001
0x0000005b4fefe260:   0000024847c60640 0000000000000000
0x0000005b4fefe270:   0000000000000000 00007fffa7d3075b
0x0000005b4fefe280:   000002483cb6ef10 0000000000000001
0x0000005b4fefe290:   000002483c868140 0000000000000001
0x0000005b4fefe2a0:   0000000000000001 0000000000000000
0x0000005b4fefe2b0:   000000004fefe300 000002483d2c7870
0x0000005b4fefe2c0:   00007fffa875bb20 000002483c8b7300 

Instructions: (pc=0x00007fffa7e61c60)
0x00007fffa7e61c40:   e7 07 48 83 c7 10 49 3b c2 72 e5 e9 ab 00 00 00
0x00007fffa7e61c50:   4d 85 c9 74 6c 66 66 66 0f 1f 84 00 00 00 00 00
0x00007fffa7e61c60:   f3 0f 6f 3a 41 ff c2 f3 0f 6f 72 10 f3 0f 6f 6a
0x00007fffa7e61c70:   20 f3 0f 6f 62 30 f3 0f 6f 5a 40 f3 0f 6f 52 50 


Register to memory mapping:

RAX=0x0000000000000015 is an unknown value
RBX=0x0000005b4fefe2c0 is pointing into the stack for thread: 0x000002481e8ef000
RCX=0x0000000000000000 is an unknown value
RDX=0x0000024847c6b000 is an unknown value
RSP=0x0000005b4fefe1d0 is pointing into the stack for thread: 0x000002481e8ef000
RBP=0x0000000000000024 is an unknown value
RSI=0x0000024840491900 is an unknown value
RDI=0x0000024840492380 is an unknown value
R8 =0x0000000000000c40 is an unknown value
R9 =0x0000000000000018 is an unknown value
R10=0x0000000000000015 is an unknown value
R11=0x000002483c8cffe4 is an unknown value
R12=0x0000000000000000 is an unknown value
R13=0x0000005b4fefe450 is pointing into the stack for thread: 0x000002481e8ef000
R14=0x0000000000000c40 is an unknown value
R15=0x00000000000001c1 is an unknown value


Stack: [0x0000005b4fe00000,0x0000005b4ff00000],  sp=0x0000005b4fefe1d0,  free space=1016k
Native frames: (J=compiled Java code, j=interpreted, Vv=VM code, C=native code)
C  [ig9icd64.dll+0x151c60]
C  [ig9icd64.dll+0x4ee9d0]
C  [ig9icd64.dll+0x4f128b]
C  [ig9icd64.dll+0x4f6928]
C  [ig9icd64.dll+0x39557f]
C  [ig9icd64.dll+0x350c6a]
C  [ig9icd64.dll+0x166a18]
C  [ig9icd64.dll+0x15c9dd]
C  [ig9icd64.dll+0x15994d]
C  [opengl32.dll+0x302f4]
C  [lwjgl_opengl.dll+0xcab5]
C  0x00000248201b9c8e

Java frames: (J=compiled Java code, j=interpreted, Vv=VM code)
j  org.lwjgl.opengl.GL11C.nglTexImage2D(IIIIIIIIJ)V+0
j  org.lwjgl.opengl.GL11C.glTexImage2D(IIIIIIIILjava/nio/ByteBuffer;)V+17
j  org.lwjgl.opengl.GL11.glTexImage2D(IIIIIIIILjava/nio/ByteBuffer;)V+14
j  dev.exvaccum.bert.control.graphics.Texture.<init>(Ljava/lang/String;)V+117
j  dev.exvaccum.bert.control.graphics.GameWindow.run()V+183
j  dev.exvaccum.bert.control.graphics.GameWindow.<init>(IILjava/lang/String;)V+202
j  dev.exvaccum.bert.control.graphics.GameWindow.<init>(II)V+194
j  dev.exvaccum.bert.control.graphics.GameWindow.main([Ljava/lang/String;)V+10
v  ~StubRoutines::call_stub

---------------  P R O C E S S  ---------------

Java Threads: ( => current thread )
  0x000002483cbc9000 JavaThread "AWT-Windows" daemon [_thread_in_native, id=30096, stack(0x0000005b51b00000,0x0000005b51c00000)]
  0x000002483cbbc000 JavaThread "Java2D Disposer" daemon [_thread_blocked, id=29284, stack(0x0000005b51900000,0x0000005b51a00000)]
  0x000002483ba49000 JavaThread "Service Thread" daemon [_thread_blocked, id=18192, stack(0x0000005b51200000,0x0000005b51300000)]
  0x000002483b9a9800 JavaThread "C1 CompilerThread3" daemon [_thread_blocked, id=33112, stack(0x0000005b51100000,0x0000005b51200000)]
  0x000002483b9a8000 JavaThread "C2 CompilerThread2" daemon [_thread_blocked, id=29056, stack(0x0000005b51000000,0x0000005b51100000)]
  0x000002483b9a2000 JavaThread "C2 CompilerThread1" daemon [_thread_blocked, id=26280, stack(0x0000005b50f00000,0x0000005b51000000)]
  0x000002483968c000 JavaThread "C2 CompilerThread0" daemon [_thread_blocked, id=28416, stack(0x0000005b50e00000,0x0000005b50f00000)]
  0x000002483968b000 JavaThread "Attach Listener" daemon [_thread_blocked, id=17416, stack(0x0000005b50d00000,0x0000005b50e00000)]
  0x000002483968a800 JavaThread "Signal Dispatcher" daemon [_thread_blocked, id=29844, stack(0x0000005b50c00000,0x0000005b50d00000)]
  0x000002481e97b000 JavaThread "Finalizer" daemon [_thread_blocked, id=28904, stack(0x0000005b50b00000,0x0000005b50c00000)]
  0x0000024839668000 JavaThread "Reference Handler" daemon [_thread_blocked, id=6860, stack(0x0000005b50a00000,0x0000005b50b00000)]
=>0x000002481e8ef000 JavaThread "main" [_thread_in_native, id=15492, stack(0x0000005b4fe00000,0x0000005b4ff00000)]

Other Threads:
  0x0000024839640800 VMThread [stack: 0x0000005b50900000,0x0000005b50a00000] [id=12916]
  0x000002483ba4a800 WatcherThread [stack: 0x0000005b51300000,0x0000005b51400000] [id=10548]

VM state:not at safepoint (normal execution)

VM Mutex/Monitor currently owned by a thread: None

heap address: 0x00000006c2600000, size: 4058 MB, Compressed Oops mode: Zero based, Oop shift amount: 3
Narrow klass base: 0x0000000000000000, Narrow klass shift: 3
Compressed class space size: 1073741824 Address: 0x00000007c0000000

Heap:
 PSYoungGen      total 75776K, used 29061K [0x000000076b780000, 0x0000000770c00000, 0x00000007c0000000)
  eden space 65024K, 44% used [0x000000076b780000,0x000000076d3e1530,0x000000076f700000)
  from space 10752K, 0% used [0x0000000770180000,0x0000000770180000,0x0000000770c00000)
  to   space 10752K, 0% used [0x000000076f700000,0x000000076f700000,0x0000000770180000)
 ParOldGen       total 173568K, used 0K [0x00000006c2600000, 0x00000006ccf80000, 0x000000076b780000)
  object space 173568K, 0% used [0x00000006c2600000,0x00000006c2600000,0x00000006ccf80000)
 Metaspace       used 10675K, capacity 10863K, committed 11008K, reserved 1058816K
  class space    used 891K, capacity 976K, committed 1024K, reserved 1048576K

Card table byte_map: [0x000002482f560000,0x000002482fd50000] byte_map_base: 0x000002482bf4d000

Marking Bits: (ParMarkBitMap*) 0x0000000053e25f70
 Begin Bits: [0x00000248302a0000, 0x0000024834208000)
 End Bits:   [0x0000024834208000, 0x0000024838170000)

Polling page: 0x000002481e9a0000

CodeCache: size=245760Kb used=3525Kb max_used=3525Kb free=242235Kb
 bounds [0x00000248201a0000, 0x0000024820520000, 0x000002482f1a0000]
 total_blobs=1761 nmethods=818 adapters=857
 compilation: enabled

Compilation events (10 events):
Event: 3.113 Thread 0x000002483b9a9800  814       3       java.nio.channels.spi.AbstractInterruptibleChannel::begin (48 bytes)
Event: 3.114 Thread 0x000002483b9a9800 nmethod 814 0x0000024820510fd0 code [0x00000248205111a0, 0x0000024820511ae0]
Event: 3.114 Thread 0x000002483b9a9800  815       3       java.lang.Thread::isInterrupted (6 bytes)
Event: 3.114 Thread 0x000002483b9a9800 nmethod 815 0x0000024820511f10 code [0x0000024820512080, 0x0000024820512210]
Event: 3.114 Thread 0x000002483b9a9800  816       3       sun.nio.ch.Util$BufferCache::next (8 bytes)
Event: 3.114 Thread 0x000002483b9a9800 nmethod 816 0x0000024820512290 code [0x0000024820512400, 0x00000248205125d8]
Event: 3.118 Thread 0x000002483b9a9800  817       3       java.net.URLClassLoader$1::run (5 bytes)
Event: 3.119 Thread 0x000002483b9a9800 nmethod 817 0x0000024820512690 code [0x0000024820512800, 0x00000248205129b0]
Event: 3.119 Thread 0x000002483b9a9800  818   !   3       java.net.URLClassLoader$1::run (63 bytes)
Event: 3.119 Thread 0x000002483b9a9800 nmethod 818 0x0000024820512a50 code [0x0000024820512c20, 0x0000024820513170]

GC Heap History (0 events):
No events

Deoptimization events (5 events):
Event: 0.142 Thread 0x000002481e8ef000 Uncommon trap: reason=unstable_if action=reinterpret pc=0x00000248202bb2b4 method=java.lang.String.hashCode()I @ 14
Event: 0.360 Thread 0x000002481e8ef000 Uncommon trap: reason=unstable_if action=reinterpret pc=0x00000248203b90f4 method=java.lang.String.lastIndexOf([CII[CIII)I @ 66
Event: 2.686 Thread 0x000002481e8ef000 Uncommon trap: reason=unstable_if action=reinterpret pc=0x00000248203fbc94 method=java.io.WinNTFileSystem.normalize(Ljava/lang/String;)Ljava/lang/String; @ 128
Event: 2.686 Thread 0x000002481e8ef000 Uncommon trap: reason=unstable_if action=reinterpret pc=0x000002482033a46c method=java.io.WinNTFileSystem.normalize(Ljava/lang/String;II)Ljava/lang/String; @ 8
Event: 2.692 Thread 0x000002481e8ef000 Uncommon trap: reason=unstable_if action=reinterpret pc=0x00000248202eaed0 method=java.lang.String.indexOf([CII[CIII)I @ 3

Classes redefined (0 events):
No events

Internal exceptions (10 events):
Event: 0.801 Thread 0x000002481e8ef000 Exception <a 'java/security/PrivilegedActionException'> (0x000000076cfec868) thrown at [C:\cygwin64\tmp\openjdk-jdk8u-windows-x64-hotspot\workspace\build\src\hotspot\src\share\vm\prims\jvm.cpp, line 1502]
Event: 0.801 Thread 0x000002481e8ef000 Exception <a 'java/security/PrivilegedActionException'> (0x000000076cfeca78) thrown at [C:\cygwin64\tmp\openjdk-jdk8u-windows-x64-hotspot\workspace\build\src\hotspot\src\share\vm\prims\jvm.cpp, line 1502]
Event: 0.801 Thread 0x000002481e8ef000 Exception <a 'java/security/PrivilegedActionException'> (0x000000076cff2858) thrown at [C:\cygwin64\tmp\openjdk-jdk8u-windows-x64-hotspot\workspace\build\src\hotspot\src\share\vm\prims\jvm.cpp, line 1502]
Event: 0.801 Thread 0x000002481e8ef000 Exception <a 'java/security/PrivilegedActionException'> (0x000000076cff2a68) thrown at [C:\cygwin64\tmp\openjdk-jdk8u-windows-x64-hotspot\workspace\build\src\hotspot\src\share\vm\prims\jvm.cpp, line 1502]
Event: 3.109 Thread 0x000002481e8ef000 Exception <a 'sun/nio/fs/WindowsException'> (0x000000076d2cb3b8) thrown at [C:\cygwin64\tmp\openjdk-jdk8u-windows-x64-hotspot\workspace\build\src\hotspot\src\share\vm\prims\jni.cpp, line 710]
Event: 3.109 Thread 0x000002481e8ef000 Exception <a 'sun/nio/fs/WindowsException'> (0x000000076d2cb9b8) thrown at [C:\cygwin64\tmp\openjdk-jdk8u-windows-x64-hotspot\workspace\build\src\hotspot\src\share\vm\prims\jni.cpp, line 710]
Event: 3.109 Thread 0x000002481e8ef000 Exception <a 'sun/nio/fs/WindowsException'> (0x000000076d2ccb90) thrown at [C:\cygwin64\tmp\openjdk-jdk8u-windows-x64-hotspot\workspace\build\src\hotspot\src\share\vm\prims\jni.cpp, line 710]
Event: 3.110 Thread 0x000002481e8ef000 Exception <a 'sun/nio/fs/WindowsException'> (0x000000076d2d2708) thrown at [C:\cygwin64\tmp\openjdk-jdk8u-windows-x64-hotspot\workspace\build\src\hotspot\src\share\vm\prims\jni.cpp, line 710]
Event: 3.115 Thread 0x000002481e8ef000 Exception <a 'sun/nio/fs/WindowsException'> (0x000000076d2d5820) thrown at [C:\cygwin64\tmp\openjdk-jdk8u-windows-x64-hotspot\workspace\build\src\hotspot\src\share\vm\prims\jni.cpp, line 710]
Event: 3.115 Thread 0x000002481e8ef000 Exception <a 'sun/nio/fs/WindowsException'> (0x000000076d2d5f28) thrown at [C:\cygwin64\tmp\openjdk-jdk8u-windows-x64-hotspot\workspace\build\src\hotspot\src\share\vm\prims\jni.cpp, line 710]

Events (10 events):
Event: 3.109 loading class sun/nio/fs/WindowsFileAttributeViews
Event: 3.109 loading class sun/nio/fs/WindowsFileAttributeViews done
Event: 3.109 loading class sun/nio/fs/WindowsFileAttributeViews$Basic
Event: 3.110 loading class sun/nio/fs/AbstractBasicFileAttributeView
Event: 3.110 loading class sun/nio/fs/AbstractBasicFileAttributeView done
Event: 3.110 loading class sun/nio/fs/WindowsFileAttributeViews$Basic done
Event: 3.110 loading class java/nio/file/StandardCopyOption
Event: 3.110 loading class java/nio/file/StandardCopyOption done
Event: 3.118 loading class org/lwjgl/opengl/GL11C
Event: 3.118 loading class org/lwjgl/opengl/GL11C done


Dynamic libraries:
0x00007ff694e40000 - 0x00007ff694e7a000 	C:\Program Files\AdoptOpenJDK\jdk-8.0.232.09-hotspot\bin\java.exe
0x00007ff82e520000 - 0x00007ff82e710000 	C:\WINDOWS\SYSTEM32\ntdll.dll
0x00007ff82cb40000 - 0x00007ff82cbf2000 	C:\WINDOWS\System32\KERNEL32.DLL
0x00007ff82c030000 - 0x00007ff82c2d3000 	C:\WINDOWS\System32\KERNELBASE.dll
0x00007ff82d720000 - 0x00007ff82d7c3000 	C:\WINDOWS\System32\ADVAPI32.dll
0x00007ff82cc00000 - 0x00007ff82cc9e000 	C:\WINDOWS\System32\msvcrt.dll
0x00007ff82c5d0000 - 0x00007ff82c667000 	C:\WINDOWS\System32\sechost.dll
0x00007ff82c8e0000 - 0x00007ff82ca00000 	C:\WINDOWS\System32\RPCRT4.dll
0x00007ff82d7d0000 - 0x00007ff82d964000 	C:\WINDOWS\System32\USER32.dll
0x00007ff82be60000 - 0x00007ff82be81000 	C:\WINDOWS\System32\win32u.dll
0x00007ff82e260000 - 0x00007ff82e286000 	C:\WINDOWS\System32\GDI32.dll
0x00007ff82be90000 - 0x00007ff82c024000 	C:\WINDOWS\System32\gdi32full.dll
0x00007ff82c2e0000 - 0x00007ff82c37e000 	C:\WINDOWS\System32\msvcp_win.dll
0x00007ff82c380000 - 0x00007ff82c47a000 	C:\WINDOWS\System32\ucrtbase.dll
0x00007ff82a8f0000 - 0x00007ff82ab75000 	C:\WINDOWS\WinSxS\amd64_microsoft.windows.common-controls_6595b64144ccf1df_6.0.18362.720_none_e6beb5c51314836b\COMCTL32.dll
0x00007ff82d330000 - 0x00007ff82d666000 	C:\WINDOWS\System32\combase.dll
0x00007ff82bce0000 - 0x00007ff82bd60000 	C:\WINDOWS\System32\bcryptPrimitives.dll
0x00007ff82c850000 - 0x00007ff82c87e000 	C:\WINDOWS\System32\IMM32.DLL
0x00007fffc27d0000 - 0x00007fffc28bf000 	C:\Program Files\AdoptOpenJDK\jdk-8.0.232.09-hotspot\jre\bin\msvcr120.dll
0x00007fffd21e0000 - 0x00007fffd2286000 	C:\Program Files\AdoptOpenJDK\jdk-8.0.232.09-hotspot\jre\bin\msvcp120.dll
0x00000000536a0000 - 0x0000000053e9f000 	C:\Program Files\AdoptOpenJDK\jdk-8.0.232.09-hotspot\jre\bin\server\jvm.dll
0x00007ff82c760000 - 0x00007ff82c768000 	C:\WINDOWS\System32\PSAPI.DLL
0x00007ff828710000 - 0x00007ff828734000 	C:\WINDOWS\SYSTEM32\WINMM.dll
0x00007ff823aa0000 - 0x00007ff823aaa000 	C:\WINDOWS\SYSTEM32\VERSION.dll
0x00007ff816d50000 - 0x00007ff816d59000 	C:\WINDOWS\SYSTEM32\WSOCK32.dll
0x00007ff82e3c0000 - 0x00007ff82e42f000 	C:\WINDOWS\System32\WS2_32.dll
0x00007ff8285b0000 - 0x00007ff8285dd000 	C:\WINDOWS\SYSTEM32\WINMMBASE.dll
0x00007ff82bd60000 - 0x00007ff82bdaa000 	C:\WINDOWS\System32\cfgmgr32.dll
0x00007ff8156e0000 - 0x00007ff8156ef000 	C:\Program Files\AdoptOpenJDK\jdk-8.0.232.09-hotspot\jre\bin\verify.dll
0x00007ff815210000 - 0x00007ff815238000 	C:\Program Files\AdoptOpenJDK\jdk-8.0.232.09-hotspot\jre\bin\java.dll
0x00007ff8153d0000 - 0x00007ff8153e6000 	C:\Program Files\AdoptOpenJDK\jdk-8.0.232.09-hotspot\jre\bin\zip.dll
0x00007ff82d970000 - 0x00007ff82e055000 	C:\WINDOWS\System32\SHELL32.dll
0x00007ff82e430000 - 0x00007ff82e4d9000 	C:\WINDOWS\System32\shcore.dll
0x00007ff82b4d0000 - 0x00007ff82bc50000 	C:\WINDOWS\System32\windows.storage.dll
0x00007ff82b480000 - 0x00007ff82b4a3000 	C:\WINDOWS\System32\profapi.dll
0x00007ff82b410000 - 0x00007ff82b45a000 	C:\WINDOWS\System32\powrprof.dll
0x00007ff82b3e0000 - 0x00007ff82b3f0000 	C:\WINDOWS\System32\UMPDC.dll
0x00007ff82e360000 - 0x00007ff82e3b2000 	C:\WINDOWS\System32\shlwapi.dll
0x00007ff82b3f0000 - 0x00007ff82b401000 	C:\WINDOWS\System32\kernel.appcore.dll
0x00007ff82b4b0000 - 0x00007ff82b4c7000 	C:\WINDOWS\System32\cryptsp.dll
0x00007fffc3340000 - 0x00007fffc34d5000 	C:\Program Files\AdoptOpenJDK\jdk-8.0.232.09-hotspot\jre\bin\awt.dll
0x00007ff82e290000 - 0x00007ff82e354000 	C:\WINDOWS\System32\OLEAUT32.dll
0x00007ff8288b0000 - 0x00007ff82893f000 	C:\WINDOWS\SYSTEM32\apphelp.dll
0x00007ff814de0000 - 0x00007ff814dfa000 	C:\Program Files\AdoptOpenJDK\jdk-8.0.232.09-hotspot\jre\bin\net.dll
0x00007ff82a5d0000 - 0x00007ff82a637000 	C:\WINDOWS\system32\mswsock.dll
0x00007ff814af0000 - 0x00007ff814b02000 	C:\Program Files\AdoptOpenJDK\jdk-8.0.232.09-hotspot\jre\bin\nio.dll
0x00007ff80b1e0000 - 0x00007ff80b244000 	C:\Users\barts\AppData\Local\Temp\lwjglbarts\3.2.3-build-13\lwjgl.dll
0x00007ff80b170000 - 0x00007ff80b1d2000 	C:\Users\barts\AppData\Local\Temp\lwjglbarts\3.2.3-build-13\glfw.dll
0x00007ff8289b0000 - 0x00007ff828a49000 	C:\WINDOWS\system32\uxtheme.dll
0x00007ff8053c0000 - 0x00007ff805403000 	C:\WINDOWS\SYSTEM32\dinput8.dll
0x00007ff815390000 - 0x00007ff8153a1000 	C:\WINDOWS\SYSTEM32\xinput1_4.dll
0x00007ff82b1e0000 - 0x00007ff82b20a000 	C:\WINDOWS\SYSTEM32\DEVOBJ.dll
0x00007ff828dd0000 - 0x00007ff828dfd000 	C:\WINDOWS\SYSTEM32\dwmapi.dll
0x00007ff81ffc0000 - 0x00007ff8200da000 	C:\WINDOWS\SYSTEM32\inputhost.dll
0x00007ff8284d0000 - 0x00007ff8285a4000 	C:\WINDOWS\SYSTEM32\CoreMessaging.dll
0x00007ff825ed0000 - 0x00007ff826023000 	C:\WINDOWS\SYSTEM32\wintypes.dll
0x00007ff825990000 - 0x00007ff825cba000 	C:\WINDOWS\SYSTEM32\CoreUIComponents.dll
0x00007ff826ff0000 - 0x00007ff8270df000 	C:\WINDOWS\SYSTEM32\PROPSYS.dll
0x00007ff82aec0000 - 0x00007ff82aef1000 	C:\WINDOWS\SYSTEM32\ntmarta.dll
0x00007ff82ca00000 - 0x00007ff82cb36000 	C:\WINDOWS\System32\MSCTF.dll
0x00007ff829210000 - 0x00007ff82921e000 	C:\WINDOWS\SYSTEM32\HID.DLL
0x00007ff82cca0000 - 0x00007ff82d110000 	C:\WINDOWS\System32\SETUPAPI.DLL
0x00007ff82bcb0000 - 0x00007ff82bcd6000 	C:\WINDOWS\System32\bcrypt.dll
0x00007ff82bc50000 - 0x00007ff82bcac000 	C:\WINDOWS\System32\WINTRUST.dll
0x00007ff82b460000 - 0x00007ff82b472000 	C:\WINDOWS\System32\MSASN1.dll
0x00007ff82c480000 - 0x00007ff82c5c9000 	C:\WINDOWS\System32\CRYPT32.dll
0x00007ffff0330000 - 0x00007ffff0486000 	C:\WINDOWS\SYSTEM32\opengl32.dll
0x00007ffff3dc0000 - 0x00007ffff3dec000 	C:\WINDOWS\SYSTEM32\GLU32.dll
0x00007ff8299c0000 - 0x00007ff8299e0000 	C:\WINDOWS\SYSTEM32\dxcore.dll
0x00007fffa7d10000 - 0x00007fffa8bc0000 	C:\WINDOWS\System32\DriverStore\FileRepository\iigd_dch.inf_amd64_a446f8448ecf881c\ig9icd64.dll
0x00007ff829a50000 - 0x00007ff829b3b000 	C:\WINDOWS\system32\dxgi.dll
0x00007fffd5610000 - 0x00007fffd75d8000 	C:\WINDOWS\System32\DriverStore\FileRepository\iigd_dch.inf_amd64_a446f8448ecf881c\igc64.dll
0x00007ff802cd0000 - 0x00007ff802dea000 	C:\WINDOWS\System32\DriverStore\FileRepository\iigd_dch.inf_amd64_a446f8448ecf881c\igdgmm64.dll
0x00007ff82e060000 - 0x00007ff82e1b7000 	C:\WINDOWS\System32\ole32.dll
0x00007ff8200e0000 - 0x00007ff82017e000 	C:\WINDOWS\System32\TextInputFramework.dll
0x00007ff81ba70000 - 0x00007ff81bd16000 	C:\WINDOWS\System32\iertutil.dll
0x00007ff804930000 - 0x00007ff804989000 	C:\Users\barts\AppData\Local\Temp\lwjglbarts\3.2.3-build-13\lwjgl_opengl.dll
0x00007fffc0c70000 - 0x00007fffc0ec3000 	C:\Users\barts\AppData\Local\Temp\lwjglbarts\3.2.3-build-13\jemalloc.dll
0x00007ff82a140000 - 0x00007ff82a173000 	C:\WINDOWS\system32\rsaenh.dll
0x00007ff82b2d0000 - 0x00007ff82b2f5000 	C:\WINDOWS\SYSTEM32\USERENV.dll
0x00007ff82a7a0000 - 0x00007ff82a7ac000 	C:\WINDOWS\SYSTEM32\CRYPTBASE.dll
0x00007ff82a2e0000 - 0x00007ff82a31a000 	C:\WINDOWS\SYSTEM32\IPHLPAPI.DLL
0x00007ff82d170000 - 0x00007ff82d178000 	C:\WINDOWS\System32\NSI.dll
0x00007ff8227e0000 - 0x00007ff8227f6000 	C:\WINDOWS\SYSTEM32\dhcpcsvc6.DLL
0x00007ff821270000 - 0x00007ff82128c000 	C:\WINDOWS\SYSTEM32\dhcpcsvc.DLL
0x00007ff82a320000 - 0x00007ff82a3ea000 	C:\WINDOWS\SYSTEM32\DNSAPI.dll
0x00007fffe6390000 - 0x00007fffe6407000 	C:\Users\barts\AppData\Local\Temp\lwjglbarts\3.2.3-build-13\lwjgl_stb.dll
0x00007ff82af00000 - 0x00007ff82b0f4000 	C:\WINDOWS\SYSTEM32\dbghelp.dll

VM Arguments:
jvm_args: -Dfile.encoding=windows-1252 -Duser.country=CA -Duser.language=en -Duser.variant 
java_command: dev.exvaccum.bert.control.graphics.GameWindow
java_class_path (initial): D:\Documents\bert\build\classes\java\main;D:\Documents\bert\build\resources\main;C:\Users\barts\.gradle\caches\modules-2\files-2.1\com.google.guava\guava\28.0-jre\54fed371b4b8a8cce1e94a9abd9620982d3aa54b\guava-28.0-jre.jar;C:\Users\barts\.gradle\caches\modules-2\files-2.1\org.lwjgl\lwjgl-assimp\3.2.3\f62aa07a20afbdd3097efc296c4841e0d29700eb\lwjgl-assimp-3.2.3.jar;C:\Users\barts\.gradle\caches\modules-2\files-2.1\org.lwjgl\lwjgl-assimp\3.2.3\4e60aeb75f0343c4a9ede4ef8b6b32ca702a00a3\lwjgl-assimp-3.2.3-natives-windows.jar;C:\Users\barts\.gradle\caches\modules-2\files-2.1\org.lwjgl\lwjgl-bgfx\3.2.3\433883c4040fa8df47244dffa1d42c96ce2143de\lwjgl-bgfx-3.2.3.jar;C:\Users\barts\.gradle\caches\modules-2\files-2.1\org.lwjgl\lwjgl-bgfx\3.2.3\f589da97dd3cfa96f42c8c812a0a028cf28223b8\lwjgl-bgfx-3.2.3-natives-windows.jar;C:\Users\barts\.gradle\caches\modules-2\files-2.1\org.lwjgl\lwjgl-cuda\3.2.3\fb91f3aaa29e69eee7f1314a63d3e3068ad138e4\lwjgl-cuda-3.2.3.jar;C:\Users\barts\.gradle\caches\modules-2\files-2.1\org.lwjgl\lwjgl-egl\3.2.3\45ad689a4346fac69d4e8696fa02aaa98f0ea196\lwjgl-egl-3.2.3.jar;C:\Users\barts\.gradle\caches\modules-2\files-2.1\org.lwjgl\lwjgl-glfw\3.2.3\5e520d5c290c8b012545a8d34fa5db5ab051ea53\lwjgl-glfw-3.2.3.jar;C:\Users\barts\.gradle\caches\modules-2\files-2.1\org.lwjgl\lwjgl-glfw\3.2.3\b4d8a3477cdc2edcf7a5f1e822926be846223f54\lwjgl-glfw-3.2.3-natives-windows.jar;C:\Users\barts\.gradle\caches\modules-2\files-2.1\org.lwjgl\lwjgl-jawt\3.2.3\b93ceb43c55c28651e178af42e1f344e1e9d8bf3\lwjgl-jawt-3.2.3.jar;C:\Users\barts\.gradle\caches\modules-2\files-2.1\org.lwjgl\lwjgl-jemalloc\3.2.3\b6fd0932171ba3f2eaa4547beddca3a3e645342d\lwjgl-jemalloc-3.2.3.jar;C:\Users\barts\.gradle\caches\modules-2\files-2.1\org.lwjgl\lwjgl-jemalloc\3.2.3\3423fd0d4c7c1916c8f46b2075c4c2df02f22675\lwjgl-jemalloc-3.2.3-natives-windows.jar;C:\Users\barts\.gradle\caches\modules-2\files-2.1\org.lwjgl\lwjgl-libdivide\3.2.3\58c515f934b8b3fd64897d436a9aaea518ac180a\lwjgl-libd
Launcher Type: SUN_STANDARD

Environment Variables:
JAVA_HOME=C:\Program Files\AdoptOpenJDK\jre-13.0.2.8-hotspot\
CLASSPATH=".;C:\Javalib\antlr-complete.jar;";
PATH=C:\Program Files\AdoptOpenJDK\jre-13.0.2.8-hotspot\bin;C:\Perl64\site\bin;C:\Perl64\bin;C:\Program Files\National Instruments\Shared\OpenVINO\;C:\Program Files\AdoptOpenJDK\jdk-8.0.232.09-hotspot\bin;C:\Program Files\AdoptOpenJDK\jre-11.0.4.11-hotspot\bin;C:\Program Files\AdoptOpenJDK\jdk-11.0.4.11-hotspot\bin;C:\Program Files (x86)\Common Files\Oracle\Java\javapath;C:\Windows\system32;C:\Windows;C:\Windows\System32\Wbem;C:\Windows\System32\WindowsPowerShell\v1.0\;C:\Windows\System32\OpenSSH\;C:\Program Files (x86)\NVIDIA Corporation\PhysX\Common;C:\Program Files\NVIDIA Corporation\NVIDIA NvDLISR;C:\Users\Public\frc2019\roborio\bin;C:\Users\Public\frc2019\frccode;C:\Program Files\Git\cmd;C:\WINDOWS\system32;C:\WINDOWS;C:\WINDOWS\System32\Wbem;C:\WINDOWS\System32\WindowsPowerShell\v1.0\;C:\WINDOWS\System32\OpenSSH\;C:\Program Files\PuTTY\;C:\Program Files (x86)\Wolfram Research\WolframScript\;C:\gradle-5.6.2\bin;D:\Documents\antlr\;C:\Program Files\nodejs\;C:\ProgramData\chocolatey\bin;C:\Program Files (x86)\QuickTime\QTSystem\;C:\Users\Public\wpilib\2020\roborio\bin;C:\Users\Public\wpilib\2020\frccode;C:\Users\barts\AppData\Local\Programs\Python\Python38-32;C:\Users\barts\AppData\Local\Programs\Python\Python38-32\Scripts;C:\Program Files\Gource\cmd;C:\Ruby26-x64\bin;C:\Users\barts\AppData\Local\Microsoft\WindowsApps;C:\Users\barts\AppData\Local\atom\bin;C:\Users\Public\frc2019\roborio\bin;C:\Users\Public\frc2019\frccode;C:\Users\barts\AppData\Local\Microsoft\WindowsApps;C:\Users\barts\AppData\Local\Programs\Microsoft VS Code\bin;C:\Program Files\JetBrains\IntelliJ IDEA 2019.2.3\bin;C:\Users\barts\AppData\Roaming\npm;C:\Users\Public\wpilib\2020\roborio\bin;C:\Users\Public\wpilib\2020\frccode;C:\Users\barts\AppData\Local\Keybase\
USERNAME=barts
OS=Windows_NT
PROCESSOR_IDENTIFIER=Intel64 Family 6 Model 158 Stepping 10, GenuineIntel



---------------  S Y S T E M  ---------------

OS: Windows 10.0 , 64 bit Build 18362 (10.0.18362.329)

CPU:total 12 (initial active 12) (6 cores per cpu, 2 threads per core) family 6 model 158 stepping 10, cmov, cx8, fxsr, mmx, sse, sse2, sse3, ssse3, sse4.1, sse4.2, popcnt, avx, avx2, aes, clmul, erms, 3dnowpref, lzcnt, ht, tsc, tscinvbit, bmi1, bmi2, adx

Memory: 4k page, physical 16620788k(5343532k free), swap 28600780k(7521132k free)

vm_info: OpenJDK 64-Bit Server VM (25.232-b09) for windows-amd64 JRE (1.8.0_232-b09), built on Oct 18 2019 15:06:13 by "jenkins" with MS VC++ 12.0 (VS2013)

time: Fri Mar 27 20:56:50 2020
timezone: Eastern Daylight Time
elapsed time: 3 seconds (0d 0h 0m 3s)

