#
# A fatal error has been detected by the Java Runtime Environment:
#
#  EXCEPTION_ACCESS_VIOLATION (0xc0000005) at pc=0x00007fffe4851222, pid=24848, tid=4588
#
# JRE version: OpenJDK Runtime Environment (11.0.5+10) (build 11.0.5+10-b520.38)
# Java VM: OpenJDK 64-Bit Server VM (11.0.5+10-b520.38, mixed mode, tiered, compressed oops, g1 gc, windows-amd64)
# Problematic frame:
# C  [glfw.dll+0x1222]
#
# No core dump will be written. Minidumps are not enabled by default on client versions of Windows
#
# If you would like to submit a bug report, please visit:
#   http://bugreport.java.com/bugreport/crash.jsp
# The crash happened outside the Java Virtual Machine in native code.
# See problematic frame for where to report the bug.
#

---------------  S U M M A R Y ------------

Command Line: -Dfile.encoding=windows-1252 -Duser.country=CA -Duser.language=en -Duser.variant dev.exvaccum.bert.control.graphics.GameWindow

Host: Intel(R) Core(TM) i7-9750H CPU @ 2.60GHz, 12 cores, 15G,  Windows 10 , 64 bit Build 18362 (10.0.18362.329)
Time: Thu Mar 26 20:44:27 2020 Eastern Daylight Time elapsed time: 0 seconds (0d 0h 0m 0s)

---------------  T H R E A D  ---------------

Current thread (0x00000263e50d9000):  JavaThread "main" [_thread_in_native, id=4588, stack(0x000000f5cd100000,0x000000f5cd200000)]

Stack: [0x000000f5cd100000,0x000000f5cd200000],  sp=0x000000f5cd1fef10,  free space=1019k
Native frames: (J=compiled Java code, j=interpreted, Vv=VM code, C=native code)
C  [glfw.dll+0x1222]

Java frames: (J=compiled Java code, j=interpreted, Vv=VM code)
j  org.lwjgl.system.JNI.invokePPPP(IIJJJJ)J+0
j  org.lwjgl.glfw.GLFW.nglfwCreateWindow(IIJJJ)J+14
j  org.lwjgl.glfw.GLFW.glfwCreateWindow(IILjava/lang/CharSequence;JJ)J+37
j  dev.exvaccum.bert.control.graphics.GameWindow.run()V+37
j  dev.exvaccum.bert.control.graphics.GameWindow.<init>(IILjava/lang/String;)V+213
j  dev.exvaccum.bert.control.graphics.GameWindow.<init>(II)V+205
j  dev.exvaccum.bert.control.graphics.GameWindow.main([Ljava/lang/String;)V+10
v  ~StubRoutines::call_stub

siginfo: EXCEPTION_ACCESS_VIOLATION (0xc0000005), reading address 0x00000000000001f9


Register to memory mapping:

RIP=0x00007fffe4851222 glfw.dll
RAX=0x0000000000000001 is an unknown value
RBX={method} {0x0000026387249938} 'invokePPPP' '(IIJJJJ)J' in 'org/lwjgl/system/JNI'
RCX=0x000000f5cd1fef60 is pointing into the stack for thread: 0x00000263e50d9000
RDX=0x0 is NULL
RSP=0x000000f5cd1fef10 is pointing into the stack for thread: 0x00000263e50d9000
RBP=0x000000f5cd1ff040 is pointing into the stack for thread: 0x00000263e50d9000
RSI=0x00000000000001e0 is an unknown value
RDI=0x0000000000000280 is an unknown value
R8 =0x00000263868540af points into unknown readable memory: 00
R9 =0x0 is NULL
R10=0x0000000000000001 is an unknown value
R11=0x0000000711275460 is an oop: java.lang.Class 
{0x0000000711275460} - klass: 'java/lang/Class'
R12=0x0 is NULL
R13={method} {0x0000026387249938} 'invokePPPP' '(IIJJJJ)J' in 'org/lwjgl/system/JNI'
R14=0x0 is NULL
R15=0x00000263e50d9000 is a thread


Registers:
RAX=0x0000000000000001, RBX=0x0000026387249930, RCX=0x000000f5cd1fef60, RDX=0x0000000000000000
RSP=0x000000f5cd1fef10, RBP=0x000000f5cd1ff040, RSI=0x00000000000001e0, RDI=0x0000000000000280
R8 =0x00000263868540af, R9 =0x0000000000000000, R10=0x0000000000000001, R11=0x0000000711275460
R12=0x0000000000000000, R13=0x0000026387249930, R14=0x0000000000000000, R15=0x00000263e50d9000
RIP=0x00007fffe4851222, EFLAGS=0x0000000000010202

Top of Stack: (sp=0x000000f5cd1fef10)
0x000000f5cd1fef10:   000000f5cd1fef60 0000026385af2930
0x000000f5cd1fef20:   00000263e50d9000 00007fffa47f78c2
0x000000f5cd1fef30:   0000000000000021 00007fffe485617d
0x000000f5cd1fef40:   00000263e50d9810 000000f5cd1ff0a8
0x000000f5cd1fef50:   000000014ccccab7 00000263e50d9820
0x000000f5cd1fef60:   0003600100030001 0000000000000001
0x000000f5cd1fef70:   0000000000000000 0000000000000000
0x000000f5cd1fef80:   0000000000000000 0000000000000001
0x000000f5cd1fef90:   0000000000000000 00007fffa4987110
0x000000f5cd1fefa0:   000001e000000280 00000263868540af
0x000000f5cd1fefb0:   0000000000000001 0000000100000001
0x000000f5cd1fefc0:   0000000000000001 0000000100000000
0x000000f5cd1fefd0:   0000000000000001 0000000000000001
0x000000f5cd1fefe0:   0000000000000000 0000000000000000
0x000000f5cd1feff0:   0000000000000000 0000000000000000
0x000000f5cd1ff000:   0000000000000000 0000000000000000 

Instructions: (pc=0x00007fffe4851222)
0x00007fffe4851122:   0b 44 2b 58 d8 45 0f af db 41 03 d3 41 83 fa ff
0x00007fffe4851132:   74 0b 44 2b 50 dc 45 0f af d2 41 03 d2 41 8b 49
0x00007fffe4851142:   18 83 f9 ff 74 08 2b 48 e0 0f af c9 03 d1 41 8b
0x00007fffe4851152:   49 1c 83 f9 ff 74 08 2b 48 e4 0f af c9 03 d1 41
0x00007fffe4851162:   8b 49 20 83 f9 ff 74 08 2b 48 e8 0f af c9 03 d1
0x00007fffe4851172:   41 8b 49 24 83 f9 ff 74 08 2b 48 ec 0f af c9 03
0x00007fffe4851182:   d1 83 fb ff 74 08 2b 58 f8 0f af db 03 d3 41 83
0x00007fffe4851192:   79 34 00 74 08 83 78 fc 00 75 02 ff c2 41 3b f6
0x00007fffe48511a2:   73 06 48 8d 68 c8 eb 1d 75 12 45 3b c7 72 07 75
0x00007fffe48511b2:   0b 41 3b d4 73 06 48 8d 68 c8 eb 09 48 8d 48 c8
0x00007fffe48511c2:   48 3b cd 75 09 44 8b f6 45 8b f8 44 8b e2 41 b8
0x00007fffe48511d2:   01 00 00 00 48 83 c0 48 49 83 ed 01 0f 85 6d fe
0x00007fffe48511e2:   ff ff 4c 8b 6c 24 40 48 8b 7c 24 38 48 8b 74 24
0x00007fffe48511f2:   30 48 8b 5c 24 28 48 8b c5 41 5f 41 5e 41 5c 5d
0x00007fffe4851202:   c3 cc cc cc cc cc cc cc cc cc cc cc cc cc 48 83
0x00007fffe4851212:   ec 28 48 8b 41 28 48 85 c0 74 21 83 39 00 74 09
0x00007fffe4851222:   83 b8 f8 01 00 00 00 75 13 33 d2 b9 0a 00 01 00
0x00007fffe4851232:   e8 29 0a 00 00 33 c0 48 83 c4 28 c3 44 8b 41 04
0x00007fffe4851242:   41 8d 80 ff 9f fc ff 83 f8 02 76 18 48 8d 15 cb
0x00007fffe4851252:   83 02 00 b9 03 00 01 00 e8 01 0a 00 00 33 c0 48
0x00007fffe4851262:   83 c4 28 c3 8b 01 85 c0 74 29 3d 01 00 03 00 74
0x00007fffe4851272:   2d 3d 02 00 03 00 74 1b 44 8b c0 48 8d 15 c4 83
0x00007fffe4851282:   02 00 b9 03 00 01 00 e8 d2 09 00 00 33 c0 48 83
0x00007fffe4851292:   c4 28 c3 3d 01 00 03 00 0f 85 d3 00 00 00 44 8b
0x00007fffe48512a2:   41 08 41 83 f8 01 0f 8c a9 00 00 00 8b 51 0c 85
0x00007fffe48512b2:   d2 0f 88 9e 00 00 00 41 83 f8 01 75 05 83 fa 05
0x00007fffe48512c2:   eb 14 41 83 f8 02 75 05 83 fa 01 eb 09 41 83 f8
0x00007fffe48512d2:   03 75 05 41 3b d0 7f 7d 44 8b 49 1c 45 85 c9 74
0x00007fffe48512e2:   50 41 8d 81 ff df fc ff 83 f8 01 76 1b 45 8b c1
0x00007fffe48512f2:   48 8d 15 8f 83 02 00 b9 03 00 01 00 e8 5d 09 00
0x00007fffe4851302:   00 33 c0 48 83 c4 28 c3 41 83 f8 02 7e 0b 41 83
0x00007fffe4851312:   f8 03 75 1d 83 fa 02 7d 18 48 8d 15 8e 83 02 00 


Stack slot to memory mapping:
stack at sp + 0 slots: 0x000000f5cd1fef60 is pointing into the stack for thread: 0x00000263e50d9000
stack at sp + 1 slots: 0x0000026385af2930 points into unknown readable memory: 4a 61 76 61 5f 6f 72 67
stack at sp + 2 slots: 0x00000263e50d9000 is a thread
stack at sp + 3 slots: 0x00007fffa47f78c2 jvm.dll
stack at sp + 4 slots: 0x0000000000000021 is an unknown value
stack at sp + 5 slots: 0x00007fffe485617d glfw.dll
stack at sp + 6 slots: 0x00000263e50d9810 points into unknown readable memory: 00 00 00 00 00 00 00 00
stack at sp + 7 slots: 0x000000f5cd1ff0a8 is pointing into the stack for thread: 0x00000263e50d9000


---------------  P R O C E S S  ---------------

Threads class SMR info:
_java_thread_list=0x000002638596d040, length=11, elements={
0x00000263e50d9000, 0x00000263854b3800, 0x00000263854d6000, 0x0000026385535800,
0x0000026385537800, 0x0000026385538800, 0x0000026385548000, 0x000002638554a000,
0x0000026385808000, 0x0000026385911800, 0x0000026385ac0000
}

Java Threads: ( => current thread )
=>0x00000263e50d9000 JavaThread "main" [_thread_in_native, id=4588, stack(0x000000f5cd100000,0x000000f5cd200000)]
  0x00000263854b3800 JavaThread "Reference Handler" daemon [_thread_blocked, id=31320, stack(0x000000f5cd800000,0x000000f5cd900000)]
  0x00000263854d6000 JavaThread "Finalizer" daemon [_thread_blocked, id=30760, stack(0x000000f5cd900000,0x000000f5cda00000)]
  0x0000026385535800 JavaThread "Signal Dispatcher" daemon [_thread_blocked, id=28356, stack(0x000000f5cda00000,0x000000f5cdb00000)]
  0x0000026385537800 JavaThread "Attach Listener" daemon [_thread_blocked, id=26076, stack(0x000000f5cdb00000,0x000000f5cdc00000)]
  0x0000026385538800 JavaThread "C2 CompilerThread0" daemon [_thread_blocked, id=31056, stack(0x000000f5cdc00000,0x000000f5cdd00000)]
  0x0000026385548000 JavaThread "C1 CompilerThread0" daemon [_thread_blocked, id=20520, stack(0x000000f5cdd00000,0x000000f5cde00000)]
  0x000002638554a000 JavaThread "Sweeper thread" daemon [_thread_blocked, id=29572, stack(0x000000f5cde00000,0x000000f5cdf00000)]
  0x0000026385808000 JavaThread "Service Thread" daemon [_thread_blocked, id=18888, stack(0x000000f5cdf00000,0x000000f5ce000000)]
  0x0000026385911800 JavaThread "Common-Cleaner" daemon [_thread_blocked, id=33192, stack(0x000000f5ce100000,0x000000f5ce200000)]
  0x0000026385ac0000 JavaThread "C2 CompilerThread1" daemon [_thread_blocked, id=30536, stack(0x000000f5ce200000,0x000000f5ce300000)]

Other Threads:
  0x00000263854b2800 VMThread "VM Thread" [stack: 0x000000f5cd700000,0x000000f5cd800000] [id=7200]
  0x000002638580a800 WatcherThread [stack: 0x000000f5ce000000,0x000000f5ce100000] [id=16708]
  0x00000263e50f2800 GCTaskThread "GC Thread#0" [stack: 0x000000f5cd200000,0x000000f5cd300000] [id=29420]
  0x00000263e5151800 ConcurrentGCThread "G1 Main Marker" [stack: 0x000000f5cd300000,0x000000f5cd400000] [id=33468]
  0x00000263e5153000 ConcurrentGCThread "G1 Conc#0" [stack: 0x000000f5cd400000,0x000000f5cd500000] [id=27896]
  0x0000026384b10800 ConcurrentGCThread "G1 Refine#0" [stack: 0x000000f5cd500000,0x000000f5cd600000] [id=10660]
  0x0000026384b12800 ConcurrentGCThread "G1 Young RemSet Sampling" [stack: 0x000000f5cd600000,0x000000f5cd700000] [id=20740]

Threads with active compile tasks:

VM state:not at safepoint (normal execution)

VM Mutex/Monitor currently owned by a thread: None

Heap address: 0x0000000702600000, size: 4058 MB, Compressed Oops mode: Zero based, Oop shift amount: 3
Narrow klass base: 0x0000000800000000, Narrow klass shift: 0
Compressed class space size: 1073741824 Address: 0x0000000800000000

Heap:
 garbage-first heap   total 260096K, used 17408K [0x0000000702600000, 0x0000000800000000)
  region size 1024K, 18 young (18432K), 0 survivors (0K)
 Metaspace       used 9240K, capacity 9405K, committed 9600K, reserved 1058816K
  class space    used 794K, capacity 883K, committed 896K, reserved 1048576K
Heap Regions: E=young(eden), S=young(survivor), O=old, HS=humongous(starts), HC=humongous(continues), CS=collection set, F=free, A=archive, TAMS=top-at-mark-start (previous, next)
|   0|0x0000000702600000, 0x0000000702600000, 0x0000000702700000|  0%| F|  |TAMS 0x0000000702600000, 0x0000000702600000| Untracked 
|   1|0x0000000702700000, 0x0000000702700000, 0x0000000702800000|  0%| F|  |TAMS 0x0000000702700000, 0x0000000702700000| Untracked 
|   2|0x0000000702800000, 0x0000000702800000, 0x0000000702900000|  0%| F|  |TAMS 0x0000000702800000, 0x0000000702800000| Untracked 
|   3|0x0000000702900000, 0x0000000702900000, 0x0000000702a00000|  0%| F|  |TAMS 0x0000000702900000, 0x0000000702900000| Untracked 
|   4|0x0000000702a00000, 0x0000000702a00000, 0x0000000702b00000|  0%| F|  |TAMS 0x0000000702a00000, 0x0000000702a00000| Untracked 
|   5|0x0000000702b00000, 0x0000000702b00000, 0x0000000702c00000|  0%| F|  |TAMS 0x0000000702b00000, 0x0000000702b00000| Untracked 
|   6|0x0000000702c00000, 0x0000000702c00000, 0x0000000702d00000|  0%| F|  |TAMS 0x0000000702c00000, 0x0000000702c00000| Untracked 
|   7|0x0000000702d00000, 0x0000000702d00000, 0x0000000702e00000|  0%| F|  |TAMS 0x0000000702d00000, 0x0000000702d00000| Untracked 
|   8|0x0000000702e00000, 0x0000000702e00000, 0x0000000702f00000|  0%| F|  |TAMS 0x0000000702e00000, 0x0000000702e00000| Untracked 
|   9|0x0000000702f00000, 0x0000000702f00000, 0x0000000703000000|  0%| F|  |TAMS 0x0000000702f00000, 0x0000000702f00000| Untracked 
|  10|0x0000000703000000, 0x0000000703000000, 0x0000000703100000|  0%| F|  |TAMS 0x0000000703000000, 0x0000000703000000| Untracked 
|  11|0x0000000703100000, 0x0000000703100000, 0x0000000703200000|  0%| F|  |TAMS 0x0000000703100000, 0x0000000703100000| Untracked 
|  12|0x0000000703200000, 0x0000000703200000, 0x0000000703300000|  0%| F|  |TAMS 0x0000000703200000, 0x0000000703200000| Untracked 
|  13|0x0000000703300000, 0x0000000703300000, 0x0000000703400000|  0%| F|  |TAMS 0x0000000703300000, 0x0000000703300000| Untracked 
|  14|0x0000000703400000, 0x0000000703400000, 0x0000000703500000|  0%| F|  |TAMS 0x0000000703400000, 0x0000000703400000| Untracked 
|  15|0x0000000703500000, 0x0000000703500000, 0x0000000703600000|  0%| F|  |TAMS 0x0000000703500000, 0x0000000703500000| Untracked 
|  16|0x0000000703600000, 0x0000000703600000, 0x0000000703700000|  0%| F|  |TAMS 0x0000000703600000, 0x0000000703600000| Untracked 
|  17|0x0000000703700000, 0x0000000703700000, 0x0000000703800000|  0%| F|  |TAMS 0x0000000703700000, 0x0000000703700000| Untracked 
|  18|0x0000000703800000, 0x0000000703800000, 0x0000000703900000|  0%| F|  |TAMS 0x0000000703800000, 0x0000000703800000| Untracked 
|  19|0x0000000703900000, 0x0000000703900000, 0x0000000703a00000|  0%| F|  |TAMS 0x0000000703900000, 0x0000000703900000| Untracked 
|  20|0x0000000703a00000, 0x0000000703a00000, 0x0000000703b00000|  0%| F|  |TAMS 0x0000000703a00000, 0x0000000703a00000| Untracked 
|  21|0x0000000703b00000, 0x0000000703b00000, 0x0000000703c00000|  0%| F|  |TAMS 0x0000000703b00000, 0x0000000703b00000| Untracked 
|  22|0x0000000703c00000, 0x0000000703c00000, 0x0000000703d00000|  0%| F|  |TAMS 0x0000000703c00000, 0x0000000703c00000| Untracked 
|  23|0x0000000703d00000, 0x0000000703d00000, 0x0000000703e00000|  0%| F|  |TAMS 0x0000000703d00000, 0x0000000703d00000| Untracked 
|  24|0x0000000703e00000, 0x0000000703e00000, 0x0000000703f00000|  0%| F|  |TAMS 0x0000000703e00000, 0x0000000703e00000| Untracked 
|  25|0x0000000703f00000, 0x0000000703f00000, 0x0000000704000000|  0%| F|  |TAMS 0x0000000703f00000, 0x0000000703f00000| Untracked 
|  26|0x0000000704000000, 0x0000000704000000, 0x0000000704100000|  0%| F|  |TAMS 0x0000000704000000, 0x0000000704000000| Untracked 
|  27|0x0000000704100000, 0x0000000704100000, 0x0000000704200000|  0%| F|  |TAMS 0x0000000704100000, 0x0000000704100000| Untracked 
|  28|0x0000000704200000, 0x0000000704200000, 0x0000000704300000|  0%| F|  |TAMS 0x0000000704200000, 0x0000000704200000| Untracked 
|  29|0x0000000704300000, 0x0000000704300000, 0x0000000704400000|  0%| F|  |TAMS 0x0000000704300000, 0x0000000704300000| Untracked 
|  30|0x0000000704400000, 0x0000000704400000, 0x0000000704500000|  0%| F|  |TAMS 0x0000000704400000, 0x0000000704400000| Untracked 
|  31|0x0000000704500000, 0x0000000704500000, 0x0000000704600000|  0%| F|  |TAMS 0x0000000704500000, 0x0000000704500000| Untracked 
|  32|0x0000000704600000, 0x0000000704600000, 0x0000000704700000|  0%| F|  |TAMS 0x0000000704600000, 0x0000000704600000| Untracked 
|  33|0x0000000704700000, 0x0000000704700000, 0x0000000704800000|  0%| F|  |TAMS 0x0000000704700000, 0x0000000704700000| Untracked 
|  34|0x0000000704800000, 0x0000000704800000, 0x0000000704900000|  0%| F|  |TAMS 0x0000000704800000, 0x0000000704800000| Untracked 
|  35|0x0000000704900000, 0x0000000704900000, 0x0000000704a00000|  0%| F|  |TAMS 0x0000000704900000, 0x0000000704900000| Untracked 
|  36|0x0000000704a00000, 0x0000000704a00000, 0x0000000704b00000|  0%| F|  |TAMS 0x0000000704a00000, 0x0000000704a00000| Untracked 
|  37|0x0000000704b00000, 0x0000000704b00000, 0x0000000704c00000|  0%| F|  |TAMS 0x0000000704b00000, 0x0000000704b00000| Untracked 
|  38|0x0000000704c00000, 0x0000000704c00000, 0x0000000704d00000|  0%| F|  |TAMS 0x0000000704c00000, 0x0000000704c00000| Untracked 
|  39|0x0000000704d00000, 0x0000000704d00000, 0x0000000704e00000|  0%| F|  |TAMS 0x0000000704d00000, 0x0000000704d00000| Untracked 
|  40|0x0000000704e00000, 0x0000000704e00000, 0x0000000704f00000|  0%| F|  |TAMS 0x0000000704e00000, 0x0000000704e00000| Untracked 
|  41|0x0000000704f00000, 0x0000000704f00000, 0x0000000705000000|  0%| F|  |TAMS 0x0000000704f00000, 0x0000000704f00000| Untracked 
|  42|0x0000000705000000, 0x0000000705000000, 0x0000000705100000|  0%| F|  |TAMS 0x0000000705000000, 0x0000000705000000| Untracked 
|  43|0x0000000705100000, 0x0000000705100000, 0x0000000705200000|  0%| F|  |TAMS 0x0000000705100000, 0x0000000705100000| Untracked 
|  44|0x0000000705200000, 0x0000000705200000, 0x0000000705300000|  0%| F|  |TAMS 0x0000000705200000, 0x0000000705200000| Untracked 
|  45|0x0000000705300000, 0x0000000705300000, 0x0000000705400000|  0%| F|  |TAMS 0x0000000705300000, 0x0000000705300000| Untracked 
|  46|0x0000000705400000, 0x0000000705400000, 0x0000000705500000|  0%| F|  |TAMS 0x0000000705400000, 0x0000000705400000| Untracked 
|  47|0x0000000705500000, 0x0000000705500000, 0x0000000705600000|  0%| F|  |TAMS 0x0000000705500000, 0x0000000705500000| Untracked 
|  48|0x0000000705600000, 0x0000000705600000, 0x0000000705700000|  0%| F|  |TAMS 0x0000000705600000, 0x0000000705600000| Untracked 
|  49|0x0000000705700000, 0x0000000705700000, 0x0000000705800000|  0%| F|  |TAMS 0x0000000705700000, 0x0000000705700000| Untracked 
|  50|0x0000000705800000, 0x0000000705800000, 0x0000000705900000|  0%| F|  |TAMS 0x0000000705800000, 0x0000000705800000| Untracked 
|  51|0x0000000705900000, 0x0000000705900000, 0x0000000705a00000|  0%| F|  |TAMS 0x0000000705900000, 0x0000000705900000| Untracked 
|  52|0x0000000705a00000, 0x0000000705a00000, 0x0000000705b00000|  0%| F|  |TAMS 0x0000000705a00000, 0x0000000705a00000| Untracked 
|  53|0x0000000705b00000, 0x0000000705b00000, 0x0000000705c00000|  0%| F|  |TAMS 0x0000000705b00000, 0x0000000705b00000| Untracked 
|  54|0x0000000705c00000, 0x0000000705c00000, 0x0000000705d00000|  0%| F|  |TAMS 0x0000000705c00000, 0x0000000705c00000| Untracked 
|  55|0x0000000705d00000, 0x0000000705d00000, 0x0000000705e00000|  0%| F|  |TAMS 0x0000000705d00000, 0x0000000705d00000| Untracked 
|  56|0x0000000705e00000, 0x0000000705e00000, 0x0000000705f00000|  0%| F|  |TAMS 0x0000000705e00000, 0x0000000705e00000| Untracked 
|  57|0x0000000705f00000, 0x0000000705f00000, 0x0000000706000000|  0%| F|  |TAMS 0x0000000705f00000, 0x0000000705f00000| Untracked 
|  58|0x0000000706000000, 0x0000000706000000, 0x0000000706100000|  0%| F|  |TAMS 0x0000000706000000, 0x0000000706000000| Untracked 
|  59|0x0000000706100000, 0x0000000706100000, 0x0000000706200000|  0%| F|  |TAMS 0x0000000706100000, 0x0000000706100000| Untracked 
|  60|0x0000000706200000, 0x0000000706200000, 0x0000000706300000|  0%| F|  |TAMS 0x0000000706200000, 0x0000000706200000| Untracked 
|  61|0x0000000706300000, 0x0000000706300000, 0x0000000706400000|  0%| F|  |TAMS 0x0000000706300000, 0x0000000706300000| Untracked 
|  62|0x0000000706400000, 0x0000000706400000, 0x0000000706500000|  0%| F|  |TAMS 0x0000000706400000, 0x0000000706400000| Untracked 
|  63|0x0000000706500000, 0x0000000706500000, 0x0000000706600000|  0%| F|  |TAMS 0x0000000706500000, 0x0000000706500000| Untracked 
|  64|0x0000000706600000, 0x0000000706600000, 0x0000000706700000|  0%| F|  |TAMS 0x0000000706600000, 0x0000000706600000| Untracked 
|  65|0x0000000706700000, 0x0000000706700000, 0x0000000706800000|  0%| F|  |TAMS 0x0000000706700000, 0x0000000706700000| Untracked 
|  66|0x0000000706800000, 0x0000000706800000, 0x0000000706900000|  0%| F|  |TAMS 0x0000000706800000, 0x0000000706800000| Untracked 
|  67|0x0000000706900000, 0x0000000706900000, 0x0000000706a00000|  0%| F|  |TAMS 0x0000000706900000, 0x0000000706900000| Untracked 
|  68|0x0000000706a00000, 0x0000000706a00000, 0x0000000706b00000|  0%| F|  |TAMS 0x0000000706a00000, 0x0000000706a00000| Untracked 
|  69|0x0000000706b00000, 0x0000000706b00000, 0x0000000706c00000|  0%| F|  |TAMS 0x0000000706b00000, 0x0000000706b00000| Untracked 
|  70|0x0000000706c00000, 0x0000000706c00000, 0x0000000706d00000|  0%| F|  |TAMS 0x0000000706c00000, 0x0000000706c00000| Untracked 
|  71|0x0000000706d00000, 0x0000000706d00000, 0x0000000706e00000|  0%| F|  |TAMS 0x0000000706d00000, 0x0000000706d00000| Untracked 
|  72|0x0000000706e00000, 0x0000000706e00000, 0x0000000706f00000|  0%| F|  |TAMS 0x0000000706e00000, 0x0000000706e00000| Untracked 
|  73|0x0000000706f00000, 0x0000000706f00000, 0x0000000707000000|  0%| F|  |TAMS 0x0000000706f00000, 0x0000000706f00000| Untracked 
|  74|0x0000000707000000, 0x0000000707000000, 0x0000000707100000|  0%| F|  |TAMS 0x0000000707000000, 0x0000000707000000| Untracked 
|  75|0x0000000707100000, 0x0000000707100000, 0x0000000707200000|  0%| F|  |TAMS 0x0000000707100000, 0x0000000707100000| Untracked 
|  76|0x0000000707200000, 0x0000000707200000, 0x0000000707300000|  0%| F|  |TAMS 0x0000000707200000, 0x0000000707200000| Untracked 
|  77|0x0000000707300000, 0x0000000707300000, 0x0000000707400000|  0%| F|  |TAMS 0x0000000707300000, 0x0000000707300000| Untracked 
|  78|0x0000000707400000, 0x0000000707400000, 0x0000000707500000|  0%| F|  |TAMS 0x0000000707400000, 0x0000000707400000| Untracked 
|  79|0x0000000707500000, 0x0000000707500000, 0x0000000707600000|  0%| F|  |TAMS 0x0000000707500000, 0x0000000707500000| Untracked 
|  80|0x0000000707600000, 0x0000000707600000, 0x0000000707700000|  0%| F|  |TAMS 0x0000000707600000, 0x0000000707600000| Untracked 
|  81|0x0000000707700000, 0x0000000707700000, 0x0000000707800000|  0%| F|  |TAMS 0x0000000707700000, 0x0000000707700000| Untracked 
|  82|0x0000000707800000, 0x0000000707800000, 0x0000000707900000|  0%| F|  |TAMS 0x0000000707800000, 0x0000000707800000| Untracked 
|  83|0x0000000707900000, 0x0000000707900000, 0x0000000707a00000|  0%| F|  |TAMS 0x0000000707900000, 0x0000000707900000| Untracked 
|  84|0x0000000707a00000, 0x0000000707a00000, 0x0000000707b00000|  0%| F|  |TAMS 0x0000000707a00000, 0x0000000707a00000| Untracked 
|  85|0x0000000707b00000, 0x0000000707b00000, 0x0000000707c00000|  0%| F|  |TAMS 0x0000000707b00000, 0x0000000707b00000| Untracked 
|  86|0x0000000707c00000, 0x0000000707c00000, 0x0000000707d00000|  0%| F|  |TAMS 0x0000000707c00000, 0x0000000707c00000| Untracked 
|  87|0x0000000707d00000, 0x0000000707d00000, 0x0000000707e00000|  0%| F|  |TAMS 0x0000000707d00000, 0x0000000707d00000| Untracked 
|  88|0x0000000707e00000, 0x0000000707e00000, 0x0000000707f00000|  0%| F|  |TAMS 0x0000000707e00000, 0x0000000707e00000| Untracked 
|  89|0x0000000707f00000, 0x0000000707f00000, 0x0000000708000000|  0%| F|  |TAMS 0x0000000707f00000, 0x0000000707f00000| Untracked 
|  90|0x0000000708000000, 0x0000000708000000, 0x0000000708100000|  0%| F|  |TAMS 0x0000000708000000, 0x0000000708000000| Untracked 
|  91|0x0000000708100000, 0x0000000708100000, 0x0000000708200000|  0%| F|  |TAMS 0x0000000708100000, 0x0000000708100000| Untracked 
|  92|0x0000000708200000, 0x0000000708200000, 0x0000000708300000|  0%| F|  |TAMS 0x0000000708200000, 0x0000000708200000| Untracked 
|  93|0x0000000708300000, 0x0000000708300000, 0x0000000708400000|  0%| F|  |TAMS 0x0000000708300000, 0x0000000708300000| Untracked 
|  94|0x0000000708400000, 0x0000000708400000, 0x0000000708500000|  0%| F|  |TAMS 0x0000000708400000, 0x0000000708400000| Untracked 
|  95|0x0000000708500000, 0x0000000708500000, 0x0000000708600000|  0%| F|  |TAMS 0x0000000708500000, 0x0000000708500000| Untracked 
|  96|0x0000000708600000, 0x0000000708600000, 0x0000000708700000|  0%| F|  |TAMS 0x0000000708600000, 0x0000000708600000| Untracked 
|  97|0x0000000708700000, 0x0000000708700000, 0x0000000708800000|  0%| F|  |TAMS 0x0000000708700000, 0x0000000708700000| Untracked 
|  98|0x0000000708800000, 0x0000000708800000, 0x0000000708900000|  0%| F|  |TAMS 0x0000000708800000, 0x0000000708800000| Untracked 
|  99|0x0000000708900000, 0x0000000708900000, 0x0000000708a00000|  0%| F|  |TAMS 0x0000000708900000, 0x0000000708900000| Untracked 
| 100|0x0000000708a00000, 0x0000000708a00000, 0x0000000708b00000|  0%| F|  |TAMS 0x0000000708a00000, 0x0000000708a00000| Untracked 
| 101|0x0000000708b00000, 0x0000000708b00000, 0x0000000708c00000|  0%| F|  |TAMS 0x0000000708b00000, 0x0000000708b00000| Untracked 
| 102|0x0000000708c00000, 0x0000000708c00000, 0x0000000708d00000|  0%| F|  |TAMS 0x0000000708c00000, 0x0000000708c00000| Untracked 
| 103|0x0000000708d00000, 0x0000000708d00000, 0x0000000708e00000|  0%| F|  |TAMS 0x0000000708d00000, 0x0000000708d00000| Untracked 
| 104|0x0000000708e00000, 0x0000000708e00000, 0x0000000708f00000|  0%| F|  |TAMS 0x0000000708e00000, 0x0000000708e00000| Untracked 
| 105|0x0000000708f00000, 0x0000000708f00000, 0x0000000709000000|  0%| F|  |TAMS 0x0000000708f00000, 0x0000000708f00000| Untracked 
| 106|0x0000000709000000, 0x0000000709000000, 0x0000000709100000|  0%| F|  |TAMS 0x0000000709000000, 0x0000000709000000| Untracked 
| 107|0x0000000709100000, 0x0000000709100000, 0x0000000709200000|  0%| F|  |TAMS 0x0000000709100000, 0x0000000709100000| Untracked 
| 108|0x0000000709200000, 0x0000000709200000, 0x0000000709300000|  0%| F|  |TAMS 0x0000000709200000, 0x0000000709200000| Untracked 
| 109|0x0000000709300000, 0x0000000709300000, 0x0000000709400000|  0%| F|  |TAMS 0x0000000709300000, 0x0000000709300000| Untracked 
| 110|0x0000000709400000, 0x0000000709400000, 0x0000000709500000|  0%| F|  |TAMS 0x0000000709400000, 0x0000000709400000| Untracked 
| 111|0x0000000709500000, 0x0000000709500000, 0x0000000709600000|  0%| F|  |TAMS 0x0000000709500000, 0x0000000709500000| Untracked 
| 112|0x0000000709600000, 0x0000000709600000, 0x0000000709700000|  0%| F|  |TAMS 0x0000000709600000, 0x0000000709600000| Untracked 
| 113|0x0000000709700000, 0x0000000709700000, 0x0000000709800000|  0%| F|  |TAMS 0x0000000709700000, 0x0000000709700000| Untracked 
| 114|0x0000000709800000, 0x0000000709800000, 0x0000000709900000|  0%| F|  |TAMS 0x0000000709800000, 0x0000000709800000| Untracked 
| 115|0x0000000709900000, 0x0000000709900000, 0x0000000709a00000|  0%| F|  |TAMS 0x0000000709900000, 0x0000000709900000| Untracked 
| 116|0x0000000709a00000, 0x0000000709a00000, 0x0000000709b00000|  0%| F|  |TAMS 0x0000000709a00000, 0x0000000709a00000| Untracked 
| 117|0x0000000709b00000, 0x0000000709b00000, 0x0000000709c00000|  0%| F|  |TAMS 0x0000000709b00000, 0x0000000709b00000| Untracked 
| 118|0x0000000709c00000, 0x0000000709c00000, 0x0000000709d00000|  0%| F|  |TAMS 0x0000000709c00000, 0x0000000709c00000| Untracked 
| 119|0x0000000709d00000, 0x0000000709d00000, 0x0000000709e00000|  0%| F|  |TAMS 0x0000000709d00000, 0x0000000709d00000| Untracked 
| 120|0x0000000709e00000, 0x0000000709e00000, 0x0000000709f00000|  0%| F|  |TAMS 0x0000000709e00000, 0x0000000709e00000| Untracked 
| 121|0x0000000709f00000, 0x0000000709f00000, 0x000000070a000000|  0%| F|  |TAMS 0x0000000709f00000, 0x0000000709f00000| Untracked 
| 122|0x000000070a000000, 0x000000070a000000, 0x000000070a100000|  0%| F|  |TAMS 0x000000070a000000, 0x000000070a000000| Untracked 
| 123|0x000000070a100000, 0x000000070a100000, 0x000000070a200000|  0%| F|  |TAMS 0x000000070a100000, 0x000000070a100000| Untracked 
| 124|0x000000070a200000, 0x000000070a200000, 0x000000070a300000|  0%| F|  |TAMS 0x000000070a200000, 0x000000070a200000| Untracked 
| 125|0x000000070a300000, 0x000000070a300000, 0x000000070a400000|  0%| F|  |TAMS 0x000000070a300000, 0x000000070a300000| Untracked 
| 126|0x000000070a400000, 0x000000070a400000, 0x000000070a500000|  0%| F|  |TAMS 0x000000070a400000, 0x000000070a400000| Untracked 
| 127|0x000000070a500000, 0x000000070a500000, 0x000000070a600000|  0%| F|  |TAMS 0x000000070a500000, 0x000000070a500000| Untracked 
| 128|0x000000070a600000, 0x000000070a600000, 0x000000070a700000|  0%| F|  |TAMS 0x000000070a600000, 0x000000070a600000| Untracked 
| 129|0x000000070a700000, 0x000000070a700000, 0x000000070a800000|  0%| F|  |TAMS 0x000000070a700000, 0x000000070a700000| Untracked 
| 130|0x000000070a800000, 0x000000070a800000, 0x000000070a900000|  0%| F|  |TAMS 0x000000070a800000, 0x000000070a800000| Untracked 
| 131|0x000000070a900000, 0x000000070a900000, 0x000000070aa00000|  0%| F|  |TAMS 0x000000070a900000, 0x000000070a900000| Untracked 
| 132|0x000000070aa00000, 0x000000070aa00000, 0x000000070ab00000|  0%| F|  |TAMS 0x000000070aa00000, 0x000000070aa00000| Untracked 
| 133|0x000000070ab00000, 0x000000070ab00000, 0x000000070ac00000|  0%| F|  |TAMS 0x000000070ab00000, 0x000000070ab00000| Untracked 
| 134|0x000000070ac00000, 0x000000070ac00000, 0x000000070ad00000|  0%| F|  |TAMS 0x000000070ac00000, 0x000000070ac00000| Untracked 
| 135|0x000000070ad00000, 0x000000070ad00000, 0x000000070ae00000|  0%| F|  |TAMS 0x000000070ad00000, 0x000000070ad00000| Untracked 
| 136|0x000000070ae00000, 0x000000070ae00000, 0x000000070af00000|  0%| F|  |TAMS 0x000000070ae00000, 0x000000070ae00000| Untracked 
| 137|0x000000070af00000, 0x000000070af00000, 0x000000070b000000|  0%| F|  |TAMS 0x000000070af00000, 0x000000070af00000| Untracked 
| 138|0x000000070b000000, 0x000000070b000000, 0x000000070b100000|  0%| F|  |TAMS 0x000000070b000000, 0x000000070b000000| Untracked 
| 139|0x000000070b100000, 0x000000070b100000, 0x000000070b200000|  0%| F|  |TAMS 0x000000070b100000, 0x000000070b100000| Untracked 
| 140|0x000000070b200000, 0x000000070b200000, 0x000000070b300000|  0%| F|  |TAMS 0x000000070b200000, 0x000000070b200000| Untracked 
| 141|0x000000070b300000, 0x000000070b300000, 0x000000070b400000|  0%| F|  |TAMS 0x000000070b300000, 0x000000070b300000| Untracked 
| 142|0x000000070b400000, 0x000000070b400000, 0x000000070b500000|  0%| F|  |TAMS 0x000000070b400000, 0x000000070b400000| Untracked 
| 143|0x000000070b500000, 0x000000070b500000, 0x000000070b600000|  0%| F|  |TAMS 0x000000070b500000, 0x000000070b500000| Untracked 
| 144|0x000000070b600000, 0x000000070b600000, 0x000000070b700000|  0%| F|  |TAMS 0x000000070b600000, 0x000000070b600000| Untracked 
| 145|0x000000070b700000, 0x000000070b700000, 0x000000070b800000|  0%| F|  |TAMS 0x000000070b700000, 0x000000070b700000| Untracked 
| 146|0x000000070b800000, 0x000000070b800000, 0x000000070b900000|  0%| F|  |TAMS 0x000000070b800000, 0x000000070b800000| Untracked 
| 147|0x000000070b900000, 0x000000070b900000, 0x000000070ba00000|  0%| F|  |TAMS 0x000000070b900000, 0x000000070b900000| Untracked 
| 148|0x000000070ba00000, 0x000000070ba00000, 0x000000070bb00000|  0%| F|  |TAMS 0x000000070ba00000, 0x000000070ba00000| Untracked 
| 149|0x000000070bb00000, 0x000000070bb00000, 0x000000070bc00000|  0%| F|  |TAMS 0x000000070bb00000, 0x000000070bb00000| Untracked 
| 150|0x000000070bc00000, 0x000000070bc00000, 0x000000070bd00000|  0%| F|  |TAMS 0x000000070bc00000, 0x000000070bc00000| Untracked 
| 151|0x000000070bd00000, 0x000000070bd00000, 0x000000070be00000|  0%| F|  |TAMS 0x000000070bd00000, 0x000000070bd00000| Untracked 
| 152|0x000000070be00000, 0x000000070be00000, 0x000000070bf00000|  0%| F|  |TAMS 0x000000070be00000, 0x000000070be00000| Untracked 
| 153|0x000000070bf00000, 0x000000070bf00000, 0x000000070c000000|  0%| F|  |TAMS 0x000000070bf00000, 0x000000070bf00000| Untracked 
| 154|0x000000070c000000, 0x000000070c000000, 0x000000070c100000|  0%| F|  |TAMS 0x000000070c000000, 0x000000070c000000| Untracked 
| 155|0x000000070c100000, 0x000000070c100000, 0x000000070c200000|  0%| F|  |TAMS 0x000000070c100000, 0x000000070c100000| Untracked 
| 156|0x000000070c200000, 0x000000070c200000, 0x000000070c300000|  0%| F|  |TAMS 0x000000070c200000, 0x000000070c200000| Untracked 
| 157|0x000000070c300000, 0x000000070c300000, 0x000000070c400000|  0%| F|  |TAMS 0x000000070c300000, 0x000000070c300000| Untracked 
| 158|0x000000070c400000, 0x000000070c400000, 0x000000070c500000|  0%| F|  |TAMS 0x000000070c400000, 0x000000070c400000| Untracked 
| 159|0x000000070c500000, 0x000000070c500000, 0x000000070c600000|  0%| F|  |TAMS 0x000000070c500000, 0x000000070c500000| Untracked 
| 160|0x000000070c600000, 0x000000070c600000, 0x000000070c700000|  0%| F|  |TAMS 0x000000070c600000, 0x000000070c600000| Untracked 
| 161|0x000000070c700000, 0x000000070c700000, 0x000000070c800000|  0%| F|  |TAMS 0x000000070c700000, 0x000000070c700000| Untracked 
| 162|0x000000070c800000, 0x000000070c800000, 0x000000070c900000|  0%| F|  |TAMS 0x000000070c800000, 0x000000070c800000| Untracked 
| 163|0x000000070c900000, 0x000000070c900000, 0x000000070ca00000|  0%| F|  |TAMS 0x000000070c900000, 0x000000070c900000| Untracked 
| 164|0x000000070ca00000, 0x000000070ca00000, 0x000000070cb00000|  0%| F|  |TAMS 0x000000070ca00000, 0x000000070ca00000| Untracked 
| 165|0x000000070cb00000, 0x000000070cb00000, 0x000000070cc00000|  0%| F|  |TAMS 0x000000070cb00000, 0x000000070cb00000| Untracked 
| 166|0x000000070cc00000, 0x000000070cc00000, 0x000000070cd00000|  0%| F|  |TAMS 0x000000070cc00000, 0x000000070cc00000| Untracked 
| 167|0x000000070cd00000, 0x000000070cd00000, 0x000000070ce00000|  0%| F|  |TAMS 0x000000070cd00000, 0x000000070cd00000| Untracked 
| 168|0x000000070ce00000, 0x000000070ce00000, 0x000000070cf00000|  0%| F|  |TAMS 0x000000070ce00000, 0x000000070ce00000| Untracked 
| 169|0x000000070cf00000, 0x000000070cf00000, 0x000000070d000000|  0%| F|  |TAMS 0x000000070cf00000, 0x000000070cf00000| Untracked 
| 170|0x000000070d000000, 0x000000070d000000, 0x000000070d100000|  0%| F|  |TAMS 0x000000070d000000, 0x000000070d000000| Untracked 
| 171|0x000000070d100000, 0x000000070d100000, 0x000000070d200000|  0%| F|  |TAMS 0x000000070d100000, 0x000000070d100000| Untracked 
| 172|0x000000070d200000, 0x000000070d200000, 0x000000070d300000|  0%| F|  |TAMS 0x000000070d200000, 0x000000070d200000| Untracked 
| 173|0x000000070d300000, 0x000000070d300000, 0x000000070d400000|  0%| F|  |TAMS 0x000000070d300000, 0x000000070d300000| Untracked 
| 174|0x000000070d400000, 0x000000070d400000, 0x000000070d500000|  0%| F|  |TAMS 0x000000070d400000, 0x000000070d400000| Untracked 
| 175|0x000000070d500000, 0x000000070d500000, 0x000000070d600000|  0%| F|  |TAMS 0x000000070d500000, 0x000000070d500000| Untracked 
| 176|0x000000070d600000, 0x000000070d600000, 0x000000070d700000|  0%| F|  |TAMS 0x000000070d600000, 0x000000070d600000| Untracked 
| 177|0x000000070d700000, 0x000000070d700000, 0x000000070d800000|  0%| F|  |TAMS 0x000000070d700000, 0x000000070d700000| Untracked 
| 178|0x000000070d800000, 0x000000070d800000, 0x000000070d900000|  0%| F|  |TAMS 0x000000070d800000, 0x000000070d800000| Untracked 
| 179|0x000000070d900000, 0x000000070d900000, 0x000000070da00000|  0%| F|  |TAMS 0x000000070d900000, 0x000000070d900000| Untracked 
| 180|0x000000070da00000, 0x000000070da00000, 0x000000070db00000|  0%| F|  |TAMS 0x000000070da00000, 0x000000070da00000| Untracked 
| 181|0x000000070db00000, 0x000000070db00000, 0x000000070dc00000|  0%| F|  |TAMS 0x000000070db00000, 0x000000070db00000| Untracked 
| 182|0x000000070dc00000, 0x000000070dc00000, 0x000000070dd00000|  0%| F|  |TAMS 0x000000070dc00000, 0x000000070dc00000| Untracked 
| 183|0x000000070dd00000, 0x000000070dd00000, 0x000000070de00000|  0%| F|  |TAMS 0x000000070dd00000, 0x000000070dd00000| Untracked 
| 184|0x000000070de00000, 0x000000070de00000, 0x000000070df00000|  0%| F|  |TAMS 0x000000070de00000, 0x000000070de00000| Untracked 
| 185|0x000000070df00000, 0x000000070df00000, 0x000000070e000000|  0%| F|  |TAMS 0x000000070df00000, 0x000000070df00000| Untracked 
| 186|0x000000070e000000, 0x000000070e000000, 0x000000070e100000|  0%| F|  |TAMS 0x000000070e000000, 0x000000070e000000| Untracked 
| 187|0x000000070e100000, 0x000000070e100000, 0x000000070e200000|  0%| F|  |TAMS 0x000000070e100000, 0x000000070e100000| Untracked 
| 188|0x000000070e200000, 0x000000070e200000, 0x000000070e300000|  0%| F|  |TAMS 0x000000070e200000, 0x000000070e200000| Untracked 
| 189|0x000000070e300000, 0x000000070e300000, 0x000000070e400000|  0%| F|  |TAMS 0x000000070e300000, 0x000000070e300000| Untracked 
| 190|0x000000070e400000, 0x000000070e400000, 0x000000070e500000|  0%| F|  |TAMS 0x000000070e400000, 0x000000070e400000| Untracked 
| 191|0x000000070e500000, 0x000000070e500000, 0x000000070e600000|  0%| F|  |TAMS 0x000000070e500000, 0x000000070e500000| Untracked 
| 192|0x000000070e600000, 0x000000070e600000, 0x000000070e700000|  0%| F|  |TAMS 0x000000070e600000, 0x000000070e600000| Untracked 
| 193|0x000000070e700000, 0x000000070e700000, 0x000000070e800000|  0%| F|  |TAMS 0x000000070e700000, 0x000000070e700000| Untracked 
| 194|0x000000070e800000, 0x000000070e800000, 0x000000070e900000|  0%| F|  |TAMS 0x000000070e800000, 0x000000070e800000| Untracked 
| 195|0x000000070e900000, 0x000000070e900000, 0x000000070ea00000|  0%| F|  |TAMS 0x000000070e900000, 0x000000070e900000| Untracked 
| 196|0x000000070ea00000, 0x000000070ea00000, 0x000000070eb00000|  0%| F|  |TAMS 0x000000070ea00000, 0x000000070ea00000| Untracked 
| 197|0x000000070eb00000, 0x000000070eb00000, 0x000000070ec00000|  0%| F|  |TAMS 0x000000070eb00000, 0x000000070eb00000| Untracked 
| 198|0x000000070ec00000, 0x000000070ec00000, 0x000000070ed00000|  0%| F|  |TAMS 0x000000070ec00000, 0x000000070ec00000| Untracked 
| 199|0x000000070ed00000, 0x000000070ed00000, 0x000000070ee00000|  0%| F|  |TAMS 0x000000070ed00000, 0x000000070ed00000| Untracked 
| 200|0x000000070ee00000, 0x000000070ee00000, 0x000000070ef00000|  0%| F|  |TAMS 0x000000070ee00000, 0x000000070ee00000| Untracked 
| 201|0x000000070ef00000, 0x000000070ef00000, 0x000000070f000000|  0%| F|  |TAMS 0x000000070ef00000, 0x000000070ef00000| Untracked 
| 202|0x000000070f000000, 0x000000070f000000, 0x000000070f100000|  0%| F|  |TAMS 0x000000070f000000, 0x000000070f000000| Untracked 
| 203|0x000000070f100000, 0x000000070f100000, 0x000000070f200000|  0%| F|  |TAMS 0x000000070f100000, 0x000000070f100000| Untracked 
| 204|0x000000070f200000, 0x000000070f200000, 0x000000070f300000|  0%| F|  |TAMS 0x000000070f200000, 0x000000070f200000| Untracked 
| 205|0x000000070f300000, 0x000000070f300000, 0x000000070f400000|  0%| F|  |TAMS 0x000000070f300000, 0x000000070f300000| Untracked 
| 206|0x000000070f400000, 0x000000070f400000, 0x000000070f500000|  0%| F|  |TAMS 0x000000070f400000, 0x000000070f400000| Untracked 
| 207|0x000000070f500000, 0x000000070f500000, 0x000000070f600000|  0%| F|  |TAMS 0x000000070f500000, 0x000000070f500000| Untracked 
| 208|0x000000070f600000, 0x000000070f600000, 0x000000070f700000|  0%| F|  |TAMS 0x000000070f600000, 0x000000070f600000| Untracked 
| 209|0x000000070f700000, 0x000000070f700000, 0x000000070f800000|  0%| F|  |TAMS 0x000000070f700000, 0x000000070f700000| Untracked 
| 210|0x000000070f800000, 0x000000070f800000, 0x000000070f900000|  0%| F|  |TAMS 0x000000070f800000, 0x000000070f800000| Untracked 
| 211|0x000000070f900000, 0x000000070f900000, 0x000000070fa00000|  0%| F|  |TAMS 0x000000070f900000, 0x000000070f900000| Untracked 
| 212|0x000000070fa00000, 0x000000070fa00000, 0x000000070fb00000|  0%| F|  |TAMS 0x000000070fa00000, 0x000000070fa00000| Untracked 
| 213|0x000000070fb00000, 0x000000070fb00000, 0x000000070fc00000|  0%| F|  |TAMS 0x000000070fb00000, 0x000000070fb00000| Untracked 
| 214|0x000000070fc00000, 0x000000070fc00000, 0x000000070fd00000|  0%| F|  |TAMS 0x000000070fc00000, 0x000000070fc00000| Untracked 
| 215|0x000000070fd00000, 0x000000070fd00000, 0x000000070fe00000|  0%| F|  |TAMS 0x000000070fd00000, 0x000000070fd00000| Untracked 
| 216|0x000000070fe00000, 0x000000070fe00000, 0x000000070ff00000|  0%| F|  |TAMS 0x000000070fe00000, 0x000000070fe00000| Untracked 
| 217|0x000000070ff00000, 0x000000070ff00000, 0x0000000710000000|  0%| F|  |TAMS 0x000000070ff00000, 0x000000070ff00000| Untracked 
| 218|0x0000000710000000, 0x0000000710000000, 0x0000000710100000|  0%| F|  |TAMS 0x0000000710000000, 0x0000000710000000| Untracked 
| 219|0x0000000710100000, 0x0000000710100000, 0x0000000710200000|  0%| F|  |TAMS 0x0000000710100000, 0x0000000710100000| Untracked 
| 220|0x0000000710200000, 0x0000000710200000, 0x0000000710300000|  0%| F|  |TAMS 0x0000000710200000, 0x0000000710200000| Untracked 
| 221|0x0000000710300000, 0x0000000710300000, 0x0000000710400000|  0%| F|  |TAMS 0x0000000710300000, 0x0000000710300000| Untracked 
| 222|0x0000000710400000, 0x0000000710400000, 0x0000000710500000|  0%| F|  |TAMS 0x0000000710400000, 0x0000000710400000| Untracked 
| 223|0x0000000710500000, 0x0000000710500000, 0x0000000710600000|  0%| F|  |TAMS 0x0000000710500000, 0x0000000710500000| Untracked 
| 224|0x0000000710600000, 0x0000000710600000, 0x0000000710700000|  0%| F|  |TAMS 0x0000000710600000, 0x0000000710600000| Untracked 
| 225|0x0000000710700000, 0x0000000710700000, 0x0000000710800000|  0%| F|  |TAMS 0x0000000710700000, 0x0000000710700000| Untracked 
| 226|0x0000000710800000, 0x0000000710800000, 0x0000000710900000|  0%| F|  |TAMS 0x0000000710800000, 0x0000000710800000| Untracked 
| 227|0x0000000710900000, 0x0000000710900000, 0x0000000710a00000|  0%| F|  |TAMS 0x0000000710900000, 0x0000000710900000| Untracked 
| 228|0x0000000710a00000, 0x0000000710a00000, 0x0000000710b00000|  0%| F|  |TAMS 0x0000000710a00000, 0x0000000710a00000| Untracked 
| 229|0x0000000710b00000, 0x0000000710b00000, 0x0000000710c00000|  0%| F|  |TAMS 0x0000000710b00000, 0x0000000710b00000| Untracked 
| 230|0x0000000710c00000, 0x0000000710c00000, 0x0000000710d00000|  0%| F|  |TAMS 0x0000000710c00000, 0x0000000710c00000| Untracked 
| 231|0x0000000710d00000, 0x0000000710d00000, 0x0000000710e00000|  0%| F|  |TAMS 0x0000000710d00000, 0x0000000710d00000| Untracked 
| 232|0x0000000710e00000, 0x0000000710e00000, 0x0000000710f00000|  0%| F|  |TAMS 0x0000000710e00000, 0x0000000710e00000| Untracked 
| 233|0x0000000710f00000, 0x0000000710f00000, 0x0000000711000000|  0%| F|  |TAMS 0x0000000710f00000, 0x0000000710f00000| Untracked 
| 234|0x0000000711000000, 0x0000000711000000, 0x0000000711100000|  0%| F|  |TAMS 0x0000000711000000, 0x0000000711000000| Untracked 
| 235|0x0000000711100000, 0x0000000711100000, 0x0000000711200000|  0%| F|  |TAMS 0x0000000711100000, 0x0000000711100000| Untracked 
| 236|0x0000000711200000, 0x00000007112f6518, 0x0000000711300000| 96%| E|  |TAMS 0x0000000711200000, 0x0000000711200000| Complete 
| 237|0x0000000711300000, 0x0000000711400000, 0x0000000711400000|100%| E|CS|TAMS 0x0000000711300000, 0x0000000711300000| Complete 
| 238|0x0000000711400000, 0x0000000711500000, 0x0000000711500000|100%| E|CS|TAMS 0x0000000711400000, 0x0000000711400000| Complete 
| 239|0x0000000711500000, 0x0000000711600000, 0x0000000711600000|100%| E|CS|TAMS 0x0000000711500000, 0x0000000711500000| Complete 
| 240|0x0000000711600000, 0x0000000711700000, 0x0000000711700000|100%| E|CS|TAMS 0x0000000711600000, 0x0000000711600000| Complete 
| 241|0x0000000711700000, 0x0000000711800000, 0x0000000711800000|100%| E|CS|TAMS 0x0000000711700000, 0x0000000711700000| Complete 
| 242|0x0000000711800000, 0x0000000711900000, 0x0000000711900000|100%| E|CS|TAMS 0x0000000711800000, 0x0000000711800000| Complete 
| 243|0x0000000711900000, 0x0000000711a00000, 0x0000000711a00000|100%| E|CS|TAMS 0x0000000711900000, 0x0000000711900000| Complete 
| 244|0x0000000711a00000, 0x0000000711b00000, 0x0000000711b00000|100%| E|CS|TAMS 0x0000000711a00000, 0x0000000711a00000| Complete 
| 245|0x0000000711b00000, 0x0000000711c00000, 0x0000000711c00000|100%| E|CS|TAMS 0x0000000711b00000, 0x0000000711b00000| Complete 
| 246|0x0000000711c00000, 0x0000000711d00000, 0x0000000711d00000|100%| E|CS|TAMS 0x0000000711c00000, 0x0000000711c00000| Complete 
| 247|0x0000000711d00000, 0x0000000711e00000, 0x0000000711e00000|100%| E|CS|TAMS 0x0000000711d00000, 0x0000000711d00000| Complete 
| 248|0x0000000711e00000, 0x0000000711f00000, 0x0000000711f00000|100%| E|CS|TAMS 0x0000000711e00000, 0x0000000711e00000| Complete 
| 249|0x0000000711f00000, 0x0000000712000000, 0x0000000712000000|100%| E|CS|TAMS 0x0000000711f00000, 0x0000000711f00000| Complete 
| 250|0x0000000712000000, 0x0000000712100000, 0x0000000712100000|100%| E|CS|TAMS 0x0000000712000000, 0x0000000712000000| Complete 
| 251|0x0000000712100000, 0x0000000712200000, 0x0000000712200000|100%| E|CS|TAMS 0x0000000712100000, 0x0000000712100000| Complete 
| 252|0x0000000712200000, 0x0000000712300000, 0x0000000712300000|100%| E|CS|TAMS 0x0000000712200000, 0x0000000712200000| Complete 
| 253|0x0000000712300000, 0x0000000712400000, 0x0000000712400000|100%| E|CS|TAMS 0x0000000712300000, 0x0000000712300000| Complete 

Card table byte_map: [0x00000263f8eb0000,0x00000263f96a0000] _byte_map_base: 0x00000263f569d000

Marking Bits (Prev, Next): (CMBitMap*) 0x00000263e513fb78, (CMBitMap*) 0x00000263e513fbb0
 Prev Bits: [0x00000263f9e90000, 0x00000263fddf8000)
 Next Bits: [0x0000026380000000, 0x0000026383f68000)

Polling page: 0x00000263e2db0000

Metaspace:

Usage:
  Non-class:      8.32 MB capacity,     8.25 MB (>99%) used,    60.91 KB ( <1%) free+waste,    14.75 KB ( <1%) overhead. 
      Class:    883.00 KB capacity,   794.58 KB ( 90%) used,    81.05 KB (  9%) free+waste,     7.38 KB ( <1%) overhead. 
       Both:      9.18 MB capacity,     9.02 MB ( 98%) used,   141.95 KB (  2%) free+waste,    22.13 KB ( <1%) overhead. 

Virtual space:
  Non-class space:       10.00 MB reserved,       8.50 MB ( 85%) committed 
      Class space:        1.00 GB reserved,     896.00 KB ( <1%) committed 
             Both:        1.01 GB reserved,       9.38 MB ( <1%) committed 

Chunk freelists:
   Non-Class:  54.00 KB
       Class:  13.00 KB
        Both:  67.00 KB

MaxMetaspaceSize: 17179869184.00 GB
CompressedClassSpaceSize: 1.00 GB

CodeHeap 'non-profiled nmethods': size=120000Kb used=303Kb max_used=303Kb free=119696Kb
 bounds [0x00000263f0c40000, 0x00000263f0eb0000, 0x00000263f8170000]
CodeHeap 'profiled nmethods': size=120000Kb used=1666Kb max_used=1666Kb free=118333Kb
 bounds [0x00000263e9710000, 0x00000263e9980000, 0x00000263f0c40000]
CodeHeap 'non-nmethods': size=5760Kb used=1391Kb max_used=1391Kb free=4368Kb
 bounds [0x00000263e9170000, 0x00000263e93e0000, 0x00000263e9710000]
 total_blobs=2221 nmethods=868 adapters=762
 compilation: enabled
              stopped_count=0, restarted_count=0
 full_count=0

Compilation events (20 events):
Event: 0.434 Thread 0x0000026385548000  856       3       java.util.Optional::empty (6 bytes)
Event: 0.434 Thread 0x0000026385548000 nmethod 856 0x00000263e98ad110 code [0x00000263e98ad2c0, 0x00000263e98ad418]
Event: 0.434 Thread 0x0000026385548000  857       3       java.nio.MappedByteBuffer::limit (6 bytes)
Event: 0.434 Thread 0x0000026385548000 nmethod 857 0x00000263e98ad490 code [0x00000263e98ad660, 0x00000263e98ad8d0]
Event: 0.434 Thread 0x0000026385548000  858       3       java.nio.MappedByteBuffer::position (6 bytes)
Event: 0.434 Thread 0x0000026385548000 nmethod 858 0x00000263e98ada10 code [0x00000263e98adbe0, 0x00000263e98ade50]
Event: 0.434 Thread 0x0000026385548000  859       3       java.nio.DirectByteBuffer::<init> (35 bytes)
Event: 0.434 Thread 0x0000026385548000 nmethod 859 0x00000263e98adf90 code [0x00000263e98ae180, 0x00000263e98ae5e0]
Event: 0.434 Thread 0x0000026385548000  855       3       java.util.regex.Pattern::lambda$Single$8 (11 bytes)
Event: 0.434 Thread 0x0000026385548000 nmethod 855 0x00000263e98ae790 code [0x00000263e98ae940, 0x00000263e98aead8]
Event: 0.435 Thread 0x0000026385548000  860       3       sun.misc.Unsafe::putByte (9 bytes)
Event: 0.435 Thread 0x0000026385548000 nmethod 860 0x00000263e98aeb90 code [0x00000263e98aed40, 0x00000263e98aef18]
Event: 0.435 Thread 0x0000026385548000  861       3       jdk.internal.misc.Unsafe::putByte (8 bytes)
Event: 0.435 Thread 0x0000026385548000 nmethod 861 0x00000263e98af010 code [0x00000263e98af1c0, 0x00000263e98af338]
Event: 0.435 Thread 0x0000026385548000  864       3       sun.misc.Unsafe::putInt (11 bytes)
Event: 0.435 Thread 0x0000026385548000 nmethod 864 0x00000263e98af410 code [0x00000263e98af5c0, 0x00000263e98af718]
Event: 0.435 Thread 0x0000026385548000  867       3       org.lwjgl.system.MemoryUtil::encodeASCII (66 bytes)
Event: 0.436 Thread 0x0000026385548000 nmethod 867 0x00000263e98af790 code [0x00000263e98af9a0, 0x00000263e98affa0]
Event: 0.436 Thread 0x0000026385548000  868       3       java.lang.Throwable::<init> (50 bytes)
Event: 0.436 Thread 0x0000026385548000 nmethod 868 0x00000263e98b0210 code [0x00000263e98b0400, 0x00000263e98b09e0]

GC Heap History (0 events):
No events

Deoptimization events (20 events):
Event: 0.344 Thread 0x00000263e50d9000 Uncommon trap: trap_request=0xffffffde fr.pc=0x00000263f0c6d4d4 relative=0x00000000000003f4
Event: 0.344 Thread 0x00000263e50d9000 Uncommon trap: reason=class_check action=maybe_recompile pc=0x00000263f0c6d4d4 method=java.util.HashMap.getNode(ILjava/lang/Object;)Ljava/util/HashMap$Node; @ 59 c2
Event: 0.344 Thread 0x00000263e50d9000 DEOPT PACKING pc=0x00000263f0c6d4d4 sp=0x000000f5cd1fd790
Event: 0.344 Thread 0x00000263e50d9000 DEOPT UNPACKING pc=0x00000263e91991af sp=0x000000f5cd1fd708 mode 2
Event: 0.353 Thread 0x00000263e50d9000 Uncommon trap: trap_request=0xffffff4d fr.pc=0x00000263f0c6375c relative=0x000000000000003c
Event: 0.353 Thread 0x00000263e50d9000 Uncommon trap: reason=unstable_if action=reinterpret pc=0x00000263f0c6375c method=sun.nio.fs.WindowsPathParser.isSlash(C)Z @ 9 c2
Event: 0.353 Thread 0x00000263e50d9000 DEOPT PACKING pc=0x00000263f0c6375c sp=0x000000f5cd1fdb50
Event: 0.353 Thread 0x00000263e50d9000 DEOPT UNPACKING pc=0x00000263e91991af sp=0x000000f5cd1fdad8 mode 2
Event: 0.365 Thread 0x00000263e50d9000 DEOPT PACKING pc=0x00000263e97f744b sp=0x000000f5cd1fa4d0
Event: 0.365 Thread 0x00000263e50d9000 DEOPT UNPACKING pc=0x00000263e9198fce sp=0x000000f5cd1f9a10 mode 0
Event: 0.366 Thread 0x00000263e50d9000 Uncommon trap: trap_request=0xffffff4d fr.pc=0x00000263f0c697c0 relative=0x0000000000000180
Event: 0.366 Thread 0x00000263e50d9000 Uncommon trap: reason=unstable_if action=reinterpret pc=0x00000263f0c697c0 method=java.util.zip.ZipFile$Source.isMetaName([BII)Z @ 43 c2
Event: 0.366 Thread 0x00000263e50d9000 DEOPT PACKING pc=0x00000263f0c697c0 sp=0x000000f5cd1fa280
Event: 0.366 Thread 0x00000263e50d9000 DEOPT UNPACKING pc=0x00000263e91991af sp=0x000000f5cd1fa228 mode 2
Event: 0.378 Thread 0x00000263e50d9000 DEOPT PACKING pc=0x00000263e97f744b sp=0x000000f5cd1fa470
Event: 0.378 Thread 0x00000263e50d9000 DEOPT UNPACKING pc=0x00000263e9198fce sp=0x000000f5cd1f99b0 mode 0
Event: 0.412 Thread 0x00000263e50d9000 Uncommon trap: trap_request=0xffffffde fr.pc=0x00000263f0c6d4d4 relative=0x00000000000003f4
Event: 0.412 Thread 0x00000263e50d9000 Uncommon trap: reason=class_check action=maybe_recompile pc=0x00000263f0c6d4d4 method=java.util.HashMap.getNode(ILjava/lang/Object;)Ljava/util/HashMap$Node; @ 59 c2
Event: 0.412 Thread 0x00000263e50d9000 DEOPT PACKING pc=0x00000263f0c6d4d4 sp=0x000000f5cd1fe280
Event: 0.412 Thread 0x00000263e50d9000 DEOPT UNPACKING pc=0x00000263e91991af sp=0x000000f5cd1fe1f8 mode 2

Classes redefined (0 events):
No events

Internal exceptions (20 events):
Event: 0.431 Thread 0x00000263e50d9000 Exception <a 'java/security/PrivilegedActionException'{0x00000007113da6f0}> (0x00000007113da6f0) thrown at [c:/BuildAgent/work/5ff2f6c26000d570/src/hotspot/share/prims/jvm.cpp, line 1297]
Event: 0.431 Thread 0x00000263e50d9000 Exception <a 'java/security/PrivilegedActionException'{0x00000007113da9c0}> (0x00000007113da9c0) thrown at [c:/BuildAgent/work/5ff2f6c26000d570/src/hotspot/share/prims/jvm.cpp, line 1297]
Event: 0.431 Thread 0x00000263e50d9000 Exception <a 'java/security/PrivilegedActionException'{0x00000007113dcaa8}> (0x00000007113dcaa8) thrown at [c:/BuildAgent/work/5ff2f6c26000d570/src/hotspot/share/prims/jvm.cpp, line 1297]
Event: 0.431 Thread 0x00000263e50d9000 Exception <a 'java/security/PrivilegedActionException'{0x00000007113dcd78}> (0x00000007113dcd78) thrown at [c:/BuildAgent/work/5ff2f6c26000d570/src/hotspot/share/prims/jvm.cpp, line 1297]
Event: 0.431 Thread 0x00000263e50d9000 Exception <a 'java/security/PrivilegedActionException'{0x00000007113dee10}> (0x00000007113dee10) thrown at [c:/BuildAgent/work/5ff2f6c26000d570/src/hotspot/share/prims/jvm.cpp, line 1297]
Event: 0.431 Thread 0x00000263e50d9000 Exception <a 'java/security/PrivilegedActionException'{0x00000007113df0e0}> (0x00000007113df0e0) thrown at [c:/BuildAgent/work/5ff2f6c26000d570/src/hotspot/share/prims/jvm.cpp, line 1297]
Event: 0.431 Thread 0x00000263e50d9000 Exception <a 'java/security/PrivilegedActionException'{0x00000007113e11c8}> (0x00000007113e11c8) thrown at [c:/BuildAgent/work/5ff2f6c26000d570/src/hotspot/share/prims/jvm.cpp, line 1297]
Event: 0.431 Thread 0x00000263e50d9000 Exception <a 'java/security/PrivilegedActionException'{0x00000007113e1498}> (0x00000007113e1498) thrown at [c:/BuildAgent/work/5ff2f6c26000d570/src/hotspot/share/prims/jvm.cpp, line 1297]
Event: 0.431 Thread 0x00000263e50d9000 Exception <a 'java/security/PrivilegedActionException'{0x00000007113e2f78}> (0x00000007113e2f78) thrown at [c:/BuildAgent/work/5ff2f6c26000d570/src/hotspot/share/prims/jvm.cpp, line 1297]
Event: 0.431 Thread 0x00000263e50d9000 Exception <a 'java/security/PrivilegedActionException'{0x00000007113e3248}> (0x00000007113e3248) thrown at [c:/BuildAgent/work/5ff2f6c26000d570/src/hotspot/share/prims/jvm.cpp, line 1297]
Event: 0.431 Thread 0x00000263e50d9000 Exception <a 'java/security/PrivilegedActionException'{0x00000007113e52f8}> (0x00000007113e52f8) thrown at [c:/BuildAgent/work/5ff2f6c26000d570/src/hotspot/share/prims/jvm.cpp, line 1297]
Event: 0.431 Thread 0x00000263e50d9000 Exception <a 'java/security/PrivilegedActionException'{0x00000007113e55c8}> (0x00000007113e55c8) thrown at [c:/BuildAgent/work/5ff2f6c26000d570/src/hotspot/share/prims/jvm.cpp, line 1297]
Event: 0.431 Thread 0x00000263e50d9000 Exception <a 'java/security/PrivilegedActionException'{0x00000007113e7678}> (0x00000007113e7678) thrown at [c:/BuildAgent/work/5ff2f6c26000d570/src/hotspot/share/prims/jvm.cpp, line 1297]
Event: 0.431 Thread 0x00000263e50d9000 Exception <a 'java/security/PrivilegedActionException'{0x00000007113e7948}> (0x00000007113e7948) thrown at [c:/BuildAgent/work/5ff2f6c26000d570/src/hotspot/share/prims/jvm.cpp, line 1297]
Event: 0.436 Thread 0x00000263e50d9000 Exception <a 'java/security/PrivilegedActionException'{0x000000071123b778}> (0x000000071123b778) thrown at [c:/BuildAgent/work/5ff2f6c26000d570/src/hotspot/share/prims/jvm.cpp, line 1297]
Event: 0.436 Thread 0x00000263e50d9000 Exception <a 'java/security/PrivilegedActionException'{0x000000071123ba48}> (0x000000071123ba48) thrown at [c:/BuildAgent/work/5ff2f6c26000d570/src/hotspot/share/prims/jvm.cpp, line 1297]
Event: 0.436 Thread 0x00000263e50d9000 Exception <a 'java/security/PrivilegedActionException'{0x000000071123d2b0}> (0x000000071123d2b0) thrown at [c:/BuildAgent/work/5ff2f6c26000d570/src/hotspot/share/prims/jvm.cpp, line 1297]
Event: 0.436 Thread 0x00000263e50d9000 Exception <a 'java/security/PrivilegedActionException'{0x000000071123d580}> (0x000000071123d580) thrown at [c:/BuildAgent/work/5ff2f6c26000d570/src/hotspot/share/prims/jvm.cpp, line 1297]
Event: 0.436 Thread 0x00000263e50d9000 Exception <a 'java/security/PrivilegedActionException'{0x000000071124bed0}> (0x000000071124bed0) thrown at [c:/BuildAgent/work/5ff2f6c26000d570/src/hotspot/share/prims/jvm.cpp, line 1297]
Event: 0.436 Thread 0x00000263e50d9000 Exception <a 'java/security/PrivilegedActionException'{0x000000071124c1a0}> (0x000000071124c1a0) thrown at [c:/BuildAgent/work/5ff2f6c26000d570/src/hotspot/share/prims/jvm.cpp, line 1297]

Events (20 events):
Event: 0.426 loading class org/lwjgl/system/MemoryStack
Event: 0.426 loading class org/lwjgl/system/MemoryStack done
Event: 0.427 loading class java/lang/IndexOutOfBoundsException
Event: 0.427 loading class java/lang/IndexOutOfBoundsException done
Event: 0.427 loading class org/lwjgl/system/MemoryStack$DebugMemoryStack
Event: 0.427 loading class org/lwjgl/system/MemoryStack$DebugMemoryStack done
Event: 0.428 loading class org/lwjgl/system/MemoryStack
Event: 0.428 loading class org/lwjgl/system/MemoryStack done
Event: 0.428 loading class org/lwjgl/system/MemoryStack
Event: 0.428 loading class org/lwjgl/system/MemoryStack done
Event: 0.429 loading class org/lwjgl/BufferUtils
Event: 0.429 loading class org/lwjgl/BufferUtils done
Event: 0.432 loading class org/lwjgl/system/windows/WinBase
Event: 0.432 loading class org/lwjgl/system/windows/WinBase done
Event: 0.434 loading class org/lwjgl/glfw/GLFW$Functions
Event: 0.434 loading class org/lwjgl/glfw/GLFW$Functions done
Event: 0.435 loading class org/lwjgl/system/JNI
Event: 0.435 loading class org/lwjgl/system/JNI done
Event: 0.538 loading class org/lwjgl/glfw/EventLoop$OffScreen
Event: 0.538 loading class org/lwjgl/glfw/EventLoop$OffScreen done


Dynamic libraries:
0x00007ff684a30000 - 0x00007ff684a3a000 	C:\Program Files\JetBrains\IntelliJ IDEA 2019.2.3\jbr\bin\java.exe
0x00007ff82e520000 - 0x00007ff82e710000 	C:\WINDOWS\SYSTEM32\ntdll.dll
0x00007ff82cb40000 - 0x00007ff82cbf2000 	C:\WINDOWS\System32\KERNEL32.DLL
0x00007ff82c030000 - 0x00007ff82c2d3000 	C:\WINDOWS\System32\KERNELBASE.dll
0x00007ff82c380000 - 0x00007ff82c47a000 	C:\WINDOWS\System32\ucrtbase.dll
0x00007ff8153d0000 - 0x00007ff8153e9000 	C:\Program Files\JetBrains\IntelliJ IDEA 2019.2.3\jbr\bin\jli.dll
0x00007ff8145e0000 - 0x00007ff8145f7000 	C:\Program Files\JetBrains\IntelliJ IDEA 2019.2.3\jbr\bin\VCRUNTIME140.dll
0x00007ff82d7d0000 - 0x00007ff82d964000 	C:\WINDOWS\System32\USER32.dll
0x00007ff82a8f0000 - 0x00007ff82ab75000 	C:\WINDOWS\WinSxS\amd64_microsoft.windows.common-controls_6595b64144ccf1df_6.0.18362.720_none_e6beb5c51314836b\COMCTL32.dll
0x00007ff82be60000 - 0x00007ff82be81000 	C:\WINDOWS\System32\win32u.dll
0x00007ff82cc00000 - 0x00007ff82cc9e000 	C:\WINDOWS\System32\msvcrt.dll
0x00007ff82e260000 - 0x00007ff82e286000 	C:\WINDOWS\System32\GDI32.dll
0x00007ff82be90000 - 0x00007ff82c024000 	C:\WINDOWS\System32\gdi32full.dll
0x00007ff82d330000 - 0x00007ff82d666000 	C:\WINDOWS\System32\combase.dll
0x00007ff82c2e0000 - 0x00007ff82c37e000 	C:\WINDOWS\System32\msvcp_win.dll
0x00007ff82c8e0000 - 0x00007ff82ca00000 	C:\WINDOWS\System32\RPCRT4.dll
0x00007ff82bce0000 - 0x00007ff82bd60000 	C:\WINDOWS\System32\bcryptPrimitives.dll
0x00007ff82c850000 - 0x00007ff82c87e000 	C:\WINDOWS\System32\IMM32.DLL
0x00007fffd1740000 - 0x00007fffd17dd000 	C:\Program Files\JetBrains\IntelliJ IDEA 2019.2.3\jbr\bin\msvcp140.dll
0x00007fffa4620000 - 0x00007fffa50db000 	C:\Program Files\JetBrains\IntelliJ IDEA 2019.2.3\jbr\bin\server\jvm.dll
0x00007ff82d720000 - 0x00007ff82d7c3000 	C:\WINDOWS\System32\ADVAPI32.dll
0x00007ff82c5d0000 - 0x00007ff82c667000 	C:\WINDOWS\System32\sechost.dll
0x00007ff82c760000 - 0x00007ff82c768000 	C:\WINDOWS\System32\PSAPI.DLL
0x00007ff816d50000 - 0x00007ff816d59000 	C:\WINDOWS\SYSTEM32\WSOCK32.dll
0x00007ff828710000 - 0x00007ff828734000 	C:\WINDOWS\SYSTEM32\WINMM.dll
0x00007ff82e3c0000 - 0x00007ff82e42f000 	C:\WINDOWS\System32\WS2_32.dll
0x00007ff823aa0000 - 0x00007ff823aaa000 	C:\WINDOWS\SYSTEM32\VERSION.dll
0x00007ff8285b0000 - 0x00007ff8285dd000 	C:\WINDOWS\SYSTEM32\winmmbase.dll
0x00007ff82bd60000 - 0x00007ff82bdaa000 	C:\WINDOWS\System32\cfgmgr32.dll
0x00007ff82b3f0000 - 0x00007ff82b401000 	C:\WINDOWS\System32\kernel.appcore.dll
0x00007ff823330000 - 0x00007ff823341000 	C:\Program Files\JetBrains\IntelliJ IDEA 2019.2.3\jbr\bin\verify.dll
0x00007ff82af00000 - 0x00007ff82b0f4000 	C:\WINDOWS\SYSTEM32\DBGHELP.DLL
0x00007ff82ae10000 - 0x00007ff82ae3a000 	C:\WINDOWS\SYSTEM32\dbgcore.DLL
0x00007ff815150000 - 0x00007ff815179000 	C:\Program Files\JetBrains\IntelliJ IDEA 2019.2.3\jbr\bin\java.dll
0x00007ff823300000 - 0x00007ff823317000 	C:\Program Files\JetBrains\IntelliJ IDEA 2019.2.3\jbr\bin\zip.dll
0x00007ff827110000 - 0x00007ff82711b000 	C:\Program Files\JetBrains\IntelliJ IDEA 2019.2.3\jbr\bin\jimage.dll
0x00007ff82d970000 - 0x00007ff82e055000 	C:\WINDOWS\System32\SHELL32.dll
0x00007ff82e430000 - 0x00007ff82e4d9000 	C:\WINDOWS\System32\shcore.dll
0x00007ff82b4d0000 - 0x00007ff82bc50000 	C:\WINDOWS\System32\windows.storage.dll
0x00007ff82b480000 - 0x00007ff82b4a3000 	C:\WINDOWS\System32\profapi.dll
0x00007ff82b410000 - 0x00007ff82b45a000 	C:\WINDOWS\System32\powrprof.dll
0x00007ff82b3e0000 - 0x00007ff82b3f0000 	C:\WINDOWS\System32\UMPDC.dll
0x00007ff82e360000 - 0x00007ff82e3b2000 	C:\WINDOWS\System32\shlwapi.dll
0x00007ff82b4b0000 - 0x00007ff82b4c7000 	C:\WINDOWS\System32\cryptsp.dll
0x00007fffe4580000 - 0x00007fffe4721000 	C:\Program Files\JetBrains\IntelliJ IDEA 2019.2.3\jbr\bin\awt.dll
0x00007ff82e290000 - 0x00007ff82e354000 	C:\WINDOWS\System32\OLEAUT32.dll
0x00007ff828dd0000 - 0x00007ff828dfd000 	C:\WINDOWS\SYSTEM32\dwmapi.dll
0x00007ff8272d0000 - 0x00007ff827890000 	C:\WINDOWS\SYSTEM32\d2d1.dll
0x00007ff8288b0000 - 0x00007ff82893f000 	C:\WINDOWS\SYSTEM32\apphelp.dll
0x00007ff8153b0000 - 0x00007ff8153ca000 	C:\Program Files\JetBrains\IntelliJ IDEA 2019.2.3\jbr\bin\net.dll
0x00007ff81f6c0000 - 0x00007ff81f7b1000 	C:\WINDOWS\SYSTEM32\WINHTTP.dll
0x00007ff82a5d0000 - 0x00007ff82a637000 	C:\WINDOWS\system32\mswsock.dll
0x00007ff815130000 - 0x00007ff815144000 	C:\Program Files\JetBrains\IntelliJ IDEA 2019.2.3\jbr\bin\nio.dll
0x00007fffe5f50000 - 0x00007fffe5fb4000 	C:\Users\barts\AppData\Local\Temp\lwjglbarts\3.2.3-build-13\lwjgl.dll
0x00007fffe4850000 - 0x00007fffe48b2000 	C:\Users\barts\AppData\Local\Temp\lwjglbarts\3.2.3-build-13\glfw.dll
0x00007ff8289b0000 - 0x00007ff828a49000 	C:\WINDOWS\system32\uxtheme.dll
0x00007fffe4be0000 - 0x00007fffe4c23000 	C:\WINDOWS\SYSTEM32\dinput8.dll
0x00007ff815390000 - 0x00007ff8153a1000 	C:\WINDOWS\SYSTEM32\xinput1_4.dll
0x00007ff82b1e0000 - 0x00007ff82b20a000 	C:\WINDOWS\SYSTEM32\DEVOBJ.dll
0x00007ff81ffc0000 - 0x00007ff8200da000 	C:\WINDOWS\SYSTEM32\inputhost.dll
0x00007ff8284d0000 - 0x00007ff8285a4000 	C:\WINDOWS\SYSTEM32\CoreMessaging.dll
0x00007ff825990000 - 0x00007ff825cba000 	C:\WINDOWS\SYSTEM32\CoreUIComponents.dll
0x00007ff825ed0000 - 0x00007ff826023000 	C:\WINDOWS\SYSTEM32\wintypes.dll
0x00007ff826ff0000 - 0x00007ff8270df000 	C:\WINDOWS\SYSTEM32\PROPSYS.dll
0x00007ff82aec0000 - 0x00007ff82aef1000 	C:\WINDOWS\SYSTEM32\ntmarta.dll
0x00007ff82ca00000 - 0x00007ff82cb36000 	C:\WINDOWS\System32\MSCTF.dll
0x00007ff829210000 - 0x00007ff82921e000 	C:\WINDOWS\SYSTEM32\HID.DLL
0x00007ff82cca0000 - 0x00007ff82d110000 	C:\WINDOWS\System32\SETUPAPI.DLL
0x00007ff82bcb0000 - 0x00007ff82bcd6000 	C:\WINDOWS\System32\bcrypt.dll
0x00007ff82bc50000 - 0x00007ff82bcac000 	C:\WINDOWS\System32\WINTRUST.dll
0x00007ff82b460000 - 0x00007ff82b472000 	C:\WINDOWS\System32\MSASN1.dll
0x00007ff82c480000 - 0x00007ff82c5c9000 	C:\WINDOWS\System32\CRYPT32.dll

dbghelp: loaded successfully - version: 4.0.5 - missing functions: none
symbol engine: initialized successfully - sym options: 0x614 - pdb path: .;C:\Program Files\JetBrains\IntelliJ IDEA 2019.2.3\jbr\bin;C:\WINDOWS\SYSTEM32;C:\WINDOWS\WinSxS\amd64_microsoft.windows.common-controls_6595b64144ccf1df_6.0.18362.720_none_e6beb5c51314836b;C:\Program Files\JetBrains\IntelliJ IDEA 2019.2.3\jbr\bin\server;C:\Users\barts\AppData\Local\Temp\lwjglbarts\3.2.3-build-13

VM Arguments:
jvm_args: -Dfile.encoding=windows-1252 -Duser.country=CA -Duser.language=en -Duser.variant 
java_command: dev.exvaccum.bert.control.graphics.GameWindow
java_class_path (initial): D:\Documents\bert\build\classes\java\main;D:\Documents\bert\build\resources\main;C:\Users\barts\.gradle\caches\modules-2\files-2.1\com.google.guava\guava\28.0-jre\54fed371b4b8a8cce1e94a9abd9620982d3aa54b\guava-28.0-jre.jar;C:\Users\barts\.gradle\caches\modules-2\files-2.1\org.lwjgl\lwjgl-assimp\3.2.3\f62aa07a20afbdd3097efc296c4841e0d29700eb\lwjgl-assimp-3.2.3.jar;C:\Users\barts\.gradle\caches\modules-2\files-2.1\org.lwjgl\lwjgl-assimp\3.2.3\4e60aeb75f0343c4a9ede4ef8b6b32ca702a00a3\lwjgl-assimp-3.2.3-natives-windows.jar;C:\Users\barts\.gradle\caches\modules-2\files-2.1\org.lwjgl\lwjgl-bgfx\3.2.3\433883c4040fa8df47244dffa1d42c96ce2143de\lwjgl-bgfx-3.2.3.jar;C:\Users\barts\.gradle\caches\modules-2\files-2.1\org.lwjgl\lwjgl-bgfx\3.2.3\f589da97dd3cfa96f42c8c812a0a028cf28223b8\lwjgl-bgfx-3.2.3-natives-windows.jar;C:\Users\barts\.gradle\caches\modules-2\files-2.1\org.lwjgl\lwjgl-cuda\3.2.3\fb91f3aaa29e69eee7f1314a63d3e3068ad138e4\lwjgl-cuda-3.2.3.jar;C:\Users\barts\.gradle\caches\modules-2\files-2.1\org.lwjgl\lwjgl-egl\3.2.3\45ad689a4346fac69d4e8696fa02aaa98f0ea196\lwjgl-egl-3.2.3.jar;C:\Users\barts\.gradle\caches\modules-2\files-2.1\org.lwjgl\lwjgl-glfw\3.2.3\5e520d5c290c8b012545a8d34fa5db5ab051ea53\lwjgl-glfw-3.2.3.jar;C:\Users\barts\.gradle\caches\modules-2\files-2.1\org.lwjgl\lwjgl-glfw\3.2.3\b4d8a3477cdc2edcf7a5f1e822926be846223f54\lwjgl-glfw-3.2.3-natives-windows.jar;C:\Users\barts\.gradle\caches\modules-2\files-2.1\org.lwjgl\lwjgl-jawt\3.2.3\b93ceb43c55c28651e178af42e1f344e1e9d8bf3\lwjgl-jawt-3.2.3.jar;C:\Users\barts\.gradle\caches\modules-2\files-2.1\org.lwjgl\lwjgl-jemalloc\3.2.3\b6fd0932171ba3f2eaa4547beddca3a3e645342d\lwjgl-jemalloc-3.2.3.jar;C:\Users\barts\.gradle\caches\modules-2\files-2.1\org.lwjgl\lwjgl-jemalloc\3.2.3\3423fd0d4c7c1916c8f46b2075c4c2df02f22675\lwjgl-jemalloc-3.2.3-natives-windows.jar;C:\Users\barts\.gradle\caches\modules-2\files-2.1\org.lwjgl\lwjgl-libdivide\3.2.3\58c515f934b8b3fd64897d436a9aaea518ac180a\lwjgl-libd
Launcher Type: SUN_STANDARD

[Global flags]
     intx CICompilerCount                          = 4                                         {product} {ergonomic}
     uint ConcGCThreads                            = 3                                         {product} {ergonomic}
     uint G1ConcRefinementThreads                  = 10                                        {product} {ergonomic}
   size_t G1HeapRegionSize                         = 1048576                                   {product} {ergonomic}
    uintx GCDrainStackTargetSize                   = 64                                        {product} {ergonomic}
   size_t InitialHeapSize                          = 266338304                                 {product} {ergonomic}
   size_t MarkStackSize                            = 4194304                                   {product} {ergonomic}
   size_t MaxHeapSize                              = 4255121408                                {product} {ergonomic}
   size_t MaxNewSize                               = 2552233984                                {product} {ergonomic}
   size_t MinHeapDeltaBytes                        = 1048576                                   {product} {ergonomic}
    uintx NonNMethodCodeHeapSize                   = 5836300                                {pd product} {ergonomic}
    uintx NonProfiledCodeHeapSize                  = 122910970                              {pd product} {ergonomic}
    uintx ProfiledCodeHeapSize                     = 122910970                              {pd product} {ergonomic}
    uintx ReservedCodeCacheSize                    = 251658240                              {pd product} {ergonomic}
     bool SegmentedCodeCache                       = true                                      {product} {ergonomic}
     bool UseCompressedClassPointers               = true                                 {lp64_product} {ergonomic}
     bool UseCompressedOops                        = true                                 {lp64_product} {ergonomic}
     bool UseG1GC                                  = true                                      {product} {ergonomic}
     bool UseLargePagesIndividualAllocation        = false                                  {pd product} {ergonomic}

Logging:
Log output configuration:
 #0: stdout all=warning uptime,level,tags
 #1: stderr all=off uptime,level,tags

Environment Variables:
JAVA_HOME=C:\Program Files\AdoptOpenJDK\jre-13.0.2.8-hotspot\
CLASSPATH=".;C:\Javalib\antlr-complete.jar;";
PATH=C:\Program Files\AdoptOpenJDK\jre-13.0.2.8-hotspot\bin;C:\Perl64\site\bin;C:\Perl64\bin;C:\Program Files\National Instruments\Shared\OpenVINO\;C:\Program Files\AdoptOpenJDK\jdk-8.0.232.09-hotspot\bin;C:\Program Files\AdoptOpenJDK\jre-11.0.4.11-hotspot\bin;C:\Program Files\AdoptOpenJDK\jdk-11.0.4.11-hotspot\bin;C:\Program Files (x86)\Common Files\Oracle\Java\javapath;C:\Windows\system32;C:\Windows;C:\Windows\System32\Wbem;C:\Windows\System32\WindowsPowerShell\v1.0\;C:\Windows\System32\OpenSSH\;C:\Program Files (x86)\NVIDIA Corporation\PhysX\Common;C:\Program Files\NVIDIA Corporation\NVIDIA NvDLISR;C:\Users\Public\frc2019\roborio\bin;C:\Users\Public\frc2019\frccode;C:\Program Files\Git\cmd;C:\WINDOWS\system32;C:\WINDOWS;C:\WINDOWS\System32\Wbem;C:\WINDOWS\System32\WindowsPowerShell\v1.0\;C:\WINDOWS\System32\OpenSSH\;C:\Program Files\PuTTY\;C:\Program Files (x86)\Wolfram Research\WolframScript\;C:\gradle-5.6.2\bin;D:\Documents\antlr\;C:\Program Files\nodejs\;C:\ProgramData\chocolatey\bin;C:\Program Files (x86)\QuickTime\QTSystem\;C:\Users\Public\wpilib\2020\roborio\bin;C:\Users\Public\wpilib\2020\frccode;C:\Users\barts\AppData\Local\Programs\Python\Python38-32;C:\Users\barts\AppData\Local\Programs\Python\Python38-32\Scripts;C:\Program Files\Gource\cmd;C:\Ruby26-x64\bin;C:\Users\barts\AppData\Local\Microsoft\WindowsApps;C:\Users\barts\AppData\Local\atom\bin;C:\Users\Public\frc2019\roborio\bin;C:\Users\Public\frc2019\frccode;C:\Users\barts\AppData\Local\Microsoft\WindowsApps;C:\Users\barts\AppData\Local\Programs\Microsoft VS Code\bin;C:\Program Files\JetBrains\IntelliJ IDEA 2019.2.3\bin;C:\Users\barts\AppData\Roaming\npm;C:\Users\Public\wpilib\2020\roborio\bin;C:\Users\Public\wpilib\2020\frccode;C:\Users\barts\AppData\Local\Keybase\
USERNAME=barts
OS=Windows_NT
PROCESSOR_IDENTIFIER=Intel64 Family 6 Model 158 Stepping 10, GenuineIntel



---------------  S Y S T E M  ---------------

OS: Windows 10 , 64 bit Build 18362 (10.0.18362.329)

CPU:total 12 (initial active 12) (6 cores per cpu, 2 threads per core) family 6 model 158 stepping 10, cmov, cx8, fxsr, mmx, sse, sse2, sse3, ssse3, sse4.1, sse4.2, popcnt, avx, avx2, aes, clmul, erms, 3dnowpref, lzcnt, ht, tsc, tscinvbit, bmi1, bmi2, adx, fma

Memory: 4k page, system-wide physical 16231M (4648M free)
TotalPageFile size 25959M (AvailPageFile size 5051M)
current process WorkingSet (physical memory assigned to process): 81M, peak: 81M
current process commit charge ("private bytes"): 361M, peak: 361M

vm_info: OpenJDK 64-Bit Server VM (11.0.5+10-b520.38) for windows-amd64 JRE (11.0.5+10-b520.38), built on Jan 23 2020 07:58:32 by "" with MS VC++ 14.0 (VS2015)

END.
