#
# A fatal error has been detected by the Java Runtime Environment:
#
#  EXCEPTION_ACCESS_VIOLATION (0xc0000005) at pc=0x00007fffa7ecdeb1, pid=5624, tid=0x0000000000004628
#
# JRE version: OpenJDK Runtime Environment (8.0_232-b09) (build 1.8.0_232-b09)
# Java VM: OpenJDK 64-Bit Server VM (25.232-b09 mixed mode windows-amd64 compressed oops)
# Problematic frame:
# C  [ig9icd64.dll+0x1bdeb1]
#
# Failed to write core dump. Minidumps are not enabled by default on client versions of Windows
#
# If you would like to submit a bug report, please visit:
#   
# The crash happened outside the Java Virtual Machine in native code.
# See problematic frame for where to report the bug.
#

---------------  T H R E A D  ---------------

Current thread (0x000002cc98950000):  JavaThread "main" [_thread_in_native, id=17960, stack(0x000000e63da00000,0x000000e63db00000)]

siginfo: ExceptionCode=0xc0000005, writing address 0x0000000000000000

Registers:
RAX=0x000002ccb6cb9f30, RBX=0x000002ccc1d5dd28, RCX=0x0000000000000000, RDX=0x0000000000750098
RSP=0x000000e63dafeed0, RBP=0x0000000000000001, RSI=0x0000000000000000, RDI=0x0000000000000001
R8 =0x0000000000000075, R9 =0x0000000000000040, R10=0x0000000000000040, R11=0x000000e63dafee00
R12=0x0000000000000000, R13=0x0000000000000000, R14=0x000000e63dafefd0, R15=0x000002cc98950000
RIP=0x00007fffa7ecdeb1, EFLAGS=0x0000000000010202

Top of Stack: (sp=0x000000e63dafeed0)
0x000000e63dafeed0:   000002ccc1d5dd28 000002cc98950000
0x000000e63dafeee0:   000002cc9a3280bd 00007fffa813d0a0
0x000000e63dafeef0:   000002cc98950000 000000e63dafefd0
0x000000e63dafef00:   000002ccc1d5dd28 000002cc9a3280bd
0x000000e63dafef10:   000000e63dafefa0 000002cc9a339c8e
0x000000e63dafef20:   000002ccc1d5dd28 0000000000000000
0x000000e63dafef30:   0000000000000000 000002ccc1d5dd28
0x000000e63dafef40:   0000000000000000 000002cc98950000
0x000000e63dafef50:   000000e63daff028 000002cc9a339942
0x000000e63dafef60:   000000e63dafef60 000002ccc1d5dd28
0x000000e63dafef70:   000000e63dafefd0 000002ccc1d6b3c0
0x000000e63dafef80:   0000000000000000 000002ccc1d5dd28
0x000000e63dafef90:   0000000000000000 000000e63dafefc0
0x000000e63dafefa0:   000000e63daff018 000002cc9a3280bd
0x000000e63dafefb0:   000000076d093a00 000002cc9a332ab8
0x000000e63dafefc0:   0000000000000000 000000076bf34e48 

Instructions: (pc=0x00007fffa7ecdeb1)
0x00007fffa7ecde91:   64 24 60 48 85 db 74 0f 48 8b 4b 18 48 85 c9 74
0x00007fffa7ecdea1:   06 ff 15 e0 83 7e 00 48 8b 5c 24 50 85 ed 7e 0f
0x00007fffa7ecdeb1:   41 89 7c b5 00 ff c7 48 ff c6 48 3b f5 7c f1 48
0x00007fffa7ecdec1:   8b 74 24 58 48 83 c4 30 41 5d 5f 5d c3 cc cc cc 


Register to memory mapping:

RAX=0x000002ccb6cb9f30 is an unknown value
RBX={method} {0x000002ccc1d5dd30} 'nglGenBuffers' '(IJ)V' in 'org/lwjgl/opengl/GL15C'
RCX=0x0000000000000000 is an unknown value
RDX=0x0000000000750098 is an unknown value
RSP=0x000000e63dafeed0 is pointing into the stack for thread: 0x000002cc98950000
RBP=0x0000000000000001 is an unknown value
RSI=0x0000000000000000 is an unknown value
RDI=0x0000000000000001 is an unknown value
R8 =0x0000000000000075 is an unknown value
R9 =0x0000000000000040 is an unknown value
R10=0x0000000000000040 is an unknown value
R11=0x000000e63dafee00 is pointing into the stack for thread: 0x000002cc98950000
R12=0x0000000000000000 is an unknown value
R13=0x0000000000000000 is an unknown value
R14=0x000000e63dafefd0 is pointing into the stack for thread: 0x000002cc98950000
R15=0x000002cc98950000 is a thread


Stack: [0x000000e63da00000,0x000000e63db00000],  sp=0x000000e63dafeed0,  free space=1019k
Native frames: (J=compiled Java code, j=interpreted, Vv=VM code, C=native code)
C  [ig9icd64.dll+0x1bdeb1]
C  0x000002cc9a339c8e

Java frames: (J=compiled Java code, j=interpreted, Vv=VM code)
j  org.lwjgl.opengl.GL15C.nglGenBuffers(IJ)V+0
j  org.lwjgl.opengl.GL15C.glGenBuffers(Ljava/nio/IntBuffer;)V+8
j  org.lwjgl.opengl.GL15.glGenBuffers(Ljava/nio/IntBuffer;)V+1
j  dev.exvaccum.bert.control.graphics.GameWindow.init()V+56
j  dev.exvaccum.bert.control.graphics.GameWindow.run()V+178
j  dev.exvaccum.bert.control.graphics.GameWindow.<init>(IILjava/lang/String;)V+213
j  dev.exvaccum.bert.control.graphics.GameWindow.<init>(II)V+205
j  dev.exvaccum.bert.control.graphics.GameWindow.main([Ljava/lang/String;)V+10
v  ~StubRoutines::call_stub

---------------  P R O C E S S  ---------------

Java Threads: ( => current thread )
  0x000002ccb6bed000 JavaThread "AWT-Windows" daemon [_thread_in_native, id=26556, stack(0x000000e63f700000,0x000000e63f800000)]
  0x000002ccb6be9000 JavaThread "AWT-Shutdown" [_thread_blocked, id=17588, stack(0x000000e63f600000,0x000000e63f700000)]
  0x000002ccb6be1800 JavaThread "Java2D Disposer" daemon [_thread_blocked, id=29844, stack(0x000000e63f500000,0x000000e63f600000)]
  0x000002ccb5b84800 JavaThread "Service Thread" daemon [_thread_blocked, id=23664, stack(0x000000e63ee00000,0x000000e63ef00000)]
  0x000002ccb37aa000 JavaThread "C1 CompilerThread3" daemon [_thread_blocked, id=26460, stack(0x000000e63ed00000,0x000000e63ee00000)]
  0x000002ccb5ae0000 JavaThread "C2 CompilerThread2" daemon [_thread_blocked, id=32180, stack(0x000000e63ec00000,0x000000e63ed00000)]
  0x000002ccb5add000 JavaThread "C2 CompilerThread1" daemon [_thread_in_native, id=23348, stack(0x000000e63eb00000,0x000000e63ec00000)]
  0x000002ccb5ad9000 JavaThread "C2 CompilerThread0" daemon [_thread_blocked, id=3696, stack(0x000000e63ea00000,0x000000e63eb00000)]
  0x000002ccb5ad8000 JavaThread "Attach Listener" daemon [_thread_blocked, id=17992, stack(0x000000e63e900000,0x000000e63ea00000)]
  0x000002ccb5ad7800 JavaThread "Signal Dispatcher" daemon [_thread_blocked, id=27720, stack(0x000000e63e800000,0x000000e63e900000)]
  0x000002cc989da800 JavaThread "Finalizer" daemon [_thread_blocked, id=28244, stack(0x000000e63e700000,0x000000e63e800000)]
  0x000002ccb3788000 JavaThread "Reference Handler" daemon [_thread_blocked, id=25616, stack(0x000000e63e600000,0x000000e63e700000)]
=>0x000002cc98950000 JavaThread "main" [_thread_in_native, id=17960, stack(0x000000e63da00000,0x000000e63db00000)]

Other Threads:
  0x000002ccb3760000 VMThread [stack: 0x000000e63e500000,0x000000e63e600000] [id=31472]
  0x000002ccb5b85000 WatcherThread [stack: 0x000000e63ef00000,0x000000e63f000000] [id=19120]

VM state:not at safepoint (normal execution)

VM Mutex/Monitor currently owned by a thread: None

heap address: 0x00000006c2600000, size: 4058 MB, Compressed Oops mode: Zero based, Oop shift amount: 3
Narrow klass base: 0x0000000000000000, Narrow klass shift: 3
Compressed class space size: 1073741824 Address: 0x00000007c0000000

Heap:
 PSYoungGen      total 75776K, used 26432K [0x000000076b780000, 0x0000000770c00000, 0x00000007c0000000)
  eden space 65024K, 40% used [0x000000076b780000,0x000000076d150368,0x000000076f700000)
  from space 10752K, 0% used [0x0000000770180000,0x0000000770180000,0x0000000770c00000)
  to   space 10752K, 0% used [0x000000076f700000,0x000000076f700000,0x0000000770180000)
 ParOldGen       total 173568K, used 0K [0x00000006c2600000, 0x00000006ccf80000, 0x000000076b780000)
  object space 173568K, 0% used [0x00000006c2600000,0x00000006c2600000,0x00000006ccf80000)
 Metaspace       used 10447K, capacity 10633K, committed 10752K, reserved 1058816K
  class space    used 850K, capacity 941K, committed 1024K, reserved 1048576K

Card table byte_map: [0x000002cca96e0000,0x000002cca9ed0000] byte_map_base: 0x000002cca60cd000

Marking Bits: (ParMarkBitMap*) 0x0000000053e25f70
 Begin Bits: [0x000002ccaa420000, 0x000002ccae388000)
 End Bits:   [0x000002ccae388000, 0x000002ccb22f0000)

Polling page: 0x000002cc98ae0000

CodeCache: size=245760Kb used=3199Kb max_used=3199Kb free=242560Kb
 bounds [0x000002cc9a320000, 0x000002cc9a650000, 0x000002cca9320000]
 total_blobs=1643 nmethods=717 adapters=840
 compilation: enabled

Compilation events (10 events):
Event: 0.782 Thread 0x000002ccb37aa000  706       3       sun.reflect.UnsafeQualifiedFieldAccessorImpl::<init> (11 bytes)
Event: 0.782 Thread 0x000002ccb37aa000 nmethod 706 0x000002cc9a63d2d0 code [0x000002cc9a63d440, 0x000002cc9a63d5f0]
Event: 0.782 Thread 0x000002ccb37aa000  707       3       sun.reflect.UnsafeQualifiedLongFieldAccessorImpl::getLong (17 bytes)
Event: 0.782 Thread 0x000002ccb37aa000 nmethod 707 0x000002cc9a63d690 code [0x000002cc9a63d860, 0x000002cc9a63e2e0]
Event: 0.785 Thread 0x000002ccb37aa000  714       3       java.net.URLClassLoader$1::run (5 bytes)
Event: 0.785 Thread 0x000002ccb37aa000 nmethod 714 0x000002cc9a63eb10 code [0x000002cc9a63ec80, 0x000002cc9a63ee30]
Event: 0.785 Thread 0x000002ccb37aa000  715   !   3       java.net.URLClassLoader$1::run (63 bytes)
Event: 0.786 Thread 0x000002ccb37aa000 nmethod 715 0x000002cc9a63eed0 code [0x000002cc9a63f0a0, 0x000002cc9a63f5f0]
Event: 0.792 Thread 0x000002ccb37aa000  718       3       java.util.zip.ZipEntry::setExtra0 (360 bytes)
Event: 0.793 Thread 0x000002ccb37aa000 nmethod 718 0x000002cc9a640050 code [0x000002cc9a640300, 0x000002cc9a641030]

GC Heap History (0 events):
No events

Deoptimization events (1 events):
Event: 0.351 Thread 0x000002cc98950000 Uncommon trap: reason=unstable_if action=reinterpret pc=0x000002cc9a529a74 method=java.lang.String.lastIndexOf([CII[CIII)I @ 66

Classes redefined (0 events):
No events

Internal exceptions (10 events):
Event: 0.778 Thread 0x000002cc98950000 Exception <a 'java/security/PrivilegedActionException'> (0x000000076cfcd230) thrown at [C:\cygwin64\tmp\openjdk-jdk8u-windows-x64-hotspot\workspace\build\src\hotspot\src\share\vm\prims\jvm.cpp, line 1502]
Event: 0.778 Thread 0x000002cc98950000 Exception <a 'java/security/PrivilegedActionException'> (0x000000076cfcd440) thrown at [C:\cygwin64\tmp\openjdk-jdk8u-windows-x64-hotspot\workspace\build\src\hotspot\src\share\vm\prims\jvm.cpp, line 1502]
Event: 0.778 Thread 0x000002cc98950000 Exception <a 'java/security/PrivilegedActionException'> (0x000000076cfd2ec0) thrown at [C:\cygwin64\tmp\openjdk-jdk8u-windows-x64-hotspot\workspace\build\src\hotspot\src\share\vm\prims\jvm.cpp, line 1502]
Event: 0.778 Thread 0x000002cc98950000 Exception <a 'java/security/PrivilegedActionException'> (0x000000076cfd30d0) thrown at [C:\cygwin64\tmp\openjdk-jdk8u-windows-x64-hotspot\workspace\build\src\hotspot\src\share\vm\prims\jvm.cpp, line 1502]
Event: 0.781 Thread 0x000002cc98950000 Exception <a 'java/security/PrivilegedActionException'> (0x000000076cfed0d0) thrown at [C:\cygwin64\tmp\openjdk-jdk8u-windows-x64-hotspot\workspace\build\src\hotspot\src\share\vm\prims\jvm.cpp, line 1502]
Event: 0.781 Thread 0x000002cc98950000 Exception <a 'java/security/PrivilegedActionException'> (0x000000076cfed2e0) thrown at [C:\cygwin64\tmp\openjdk-jdk8u-windows-x64-hotspot\workspace\build\src\hotspot\src\share\vm\prims\jvm.cpp, line 1502]
Event: 0.781 Thread 0x000002cc98950000 Exception <a 'java/security/PrivilegedActionException'> (0x000000076cfef380) thrown at [C:\cygwin64\tmp\openjdk-jdk8u-windows-x64-hotspot\workspace\build\src\hotspot\src\share\vm\prims\jvm.cpp, line 1502]
Event: 0.781 Thread 0x000002cc98950000 Exception <a 'java/security/PrivilegedActionException'> (0x000000076cfef590) thrown at [C:\cygwin64\tmp\openjdk-jdk8u-windows-x64-hotspot\workspace\build\src\hotspot\src\share\vm\prims\jvm.cpp, line 1502]
Event: 0.781 Thread 0x000002cc98950000 Exception <a 'java/security/PrivilegedActionException'> (0x000000076cff5370) thrown at [C:\cygwin64\tmp\openjdk-jdk8u-windows-x64-hotspot\workspace\build\src\hotspot\src\share\vm\prims\jvm.cpp, line 1502]
Event: 0.781 Thread 0x000002cc98950000 Exception <a 'java/security/PrivilegedActionException'> (0x000000076cff5580) thrown at [C:\cygwin64\tmp\openjdk-jdk8u-windows-x64-hotspot\workspace\build\src\hotspot\src\share\vm\prims\jvm.cpp, line 1502]

Events (10 events):
Event: 0.785 loading class org/lwjgl/opengl/GL13C
Event: 0.785 loading class org/lwjgl/opengl/GL13C done
Event: 0.785 loading class org/lwjgl/opengl/GL12C
Event: 0.785 loading class org/lwjgl/opengl/GL12C done
Event: 0.787 loading class org/lwjgl/opengl/GL30C
Event: 0.787 loading class org/lwjgl/opengl/GL30C done
Event: 0.793 loading class org/lwjgl/opengl/GL21C
Event: 0.793 loading class org/lwjgl/opengl/GL21C done
Event: 0.794 loading class org/lwjgl/opengl/GL$ICDStatic$WriteOnce
Event: 0.794 loading class org/lwjgl/opengl/GL$ICDStatic$WriteOnce done


Dynamic libraries:
0x00007ff7f9840000 - 0x00007ff7f987a000 	C:\Program Files\AdoptOpenJDK\jdk-8.0.232.09-hotspot\bin\java.exe
0x00007ff82e520000 - 0x00007ff82e710000 	C:\WINDOWS\SYSTEM32\ntdll.dll
0x00007ff82cb40000 - 0x00007ff82cbf2000 	C:\WINDOWS\System32\KERNEL32.DLL
0x00007ff82c030000 - 0x00007ff82c2d3000 	C:\WINDOWS\System32\KERNELBASE.dll
0x00007ff82d720000 - 0x00007ff82d7c3000 	C:\WINDOWS\System32\ADVAPI32.dll
0x00007ff82cc00000 - 0x00007ff82cc9e000 	C:\WINDOWS\System32\msvcrt.dll
0x00007ff82c5d0000 - 0x00007ff82c667000 	C:\WINDOWS\System32\sechost.dll
0x00007ff82c8e0000 - 0x00007ff82ca00000 	C:\WINDOWS\System32\RPCRT4.dll
0x00007ff82d7d0000 - 0x00007ff82d964000 	C:\WINDOWS\System32\USER32.dll
0x00007ff82be60000 - 0x00007ff82be81000 	C:\WINDOWS\System32\win32u.dll
0x00007ff82e260000 - 0x00007ff82e286000 	C:\WINDOWS\System32\GDI32.dll
0x00007ff82be90000 - 0x00007ff82c024000 	C:\WINDOWS\System32\gdi32full.dll
0x00007ff82c2e0000 - 0x00007ff82c37e000 	C:\WINDOWS\System32\msvcp_win.dll
0x00007ff82c380000 - 0x00007ff82c47a000 	C:\WINDOWS\System32\ucrtbase.dll
0x00007ff82a8f0000 - 0x00007ff82ab75000 	C:\WINDOWS\WinSxS\amd64_microsoft.windows.common-controls_6595b64144ccf1df_6.0.18362.720_none_e6beb5c51314836b\COMCTL32.dll
0x00007ff82d330000 - 0x00007ff82d666000 	C:\WINDOWS\System32\combase.dll
0x00007ff82bce0000 - 0x00007ff82bd60000 	C:\WINDOWS\System32\bcryptPrimitives.dll
0x00007ff82c850000 - 0x00007ff82c87e000 	C:\WINDOWS\System32\IMM32.DLL
0x00007fffc2f70000 - 0x00007fffc305f000 	C:\Program Files\AdoptOpenJDK\jdk-8.0.232.09-hotspot\jre\bin\msvcr120.dll
0x00007fffbd580000 - 0x00007fffbd626000 	C:\Program Files\AdoptOpenJDK\jdk-8.0.232.09-hotspot\jre\bin\msvcp120.dll
0x00000000536a0000 - 0x0000000053e9f000 	C:\Program Files\AdoptOpenJDK\jdk-8.0.232.09-hotspot\jre\bin\server\jvm.dll
0x00007ff82c760000 - 0x00007ff82c768000 	C:\WINDOWS\System32\PSAPI.DLL
0x00007ff816d50000 - 0x00007ff816d59000 	C:\WINDOWS\SYSTEM32\WSOCK32.dll
0x00007ff823aa0000 - 0x00007ff823aaa000 	C:\WINDOWS\SYSTEM32\VERSION.dll
0x00007ff828710000 - 0x00007ff828734000 	C:\WINDOWS\SYSTEM32\WINMM.dll
0x00007ff82e3c0000 - 0x00007ff82e42f000 	C:\WINDOWS\System32\WS2_32.dll
0x00007ff8285b0000 - 0x00007ff8285dd000 	C:\WINDOWS\SYSTEM32\winmmbase.dll
0x00007ff82bd60000 - 0x00007ff82bdaa000 	C:\WINDOWS\System32\cfgmgr32.dll
0x00007ff823350000 - 0x00007ff82335f000 	C:\Program Files\AdoptOpenJDK\jdk-8.0.232.09-hotspot\jre\bin\verify.dll
0x00007ff8156e0000 - 0x00007ff815708000 	C:\Program Files\AdoptOpenJDK\jdk-8.0.232.09-hotspot\jre\bin\java.dll
0x00007ff815220000 - 0x00007ff815236000 	C:\Program Files\AdoptOpenJDK\jdk-8.0.232.09-hotspot\jre\bin\zip.dll
0x00007ff82d970000 - 0x00007ff82e055000 	C:\WINDOWS\System32\SHELL32.dll
0x00007ff82e430000 - 0x00007ff82e4d9000 	C:\WINDOWS\System32\shcore.dll
0x00007ff82b4d0000 - 0x00007ff82bc50000 	C:\WINDOWS\System32\windows.storage.dll
0x00007ff82b480000 - 0x00007ff82b4a3000 	C:\WINDOWS\System32\profapi.dll
0x00007ff82b410000 - 0x00007ff82b45a000 	C:\WINDOWS\System32\powrprof.dll
0x00007ff82b3e0000 - 0x00007ff82b3f0000 	C:\WINDOWS\System32\UMPDC.dll
0x00007ff82e360000 - 0x00007ff82e3b2000 	C:\WINDOWS\System32\shlwapi.dll
0x00007ff82b3f0000 - 0x00007ff82b401000 	C:\WINDOWS\System32\kernel.appcore.dll
0x00007ff82b4b0000 - 0x00007ff82b4c7000 	C:\WINDOWS\System32\cryptsp.dll
0x00007fffb63e0000 - 0x00007fffb6575000 	C:\Program Files\AdoptOpenJDK\jdk-8.0.232.09-hotspot\jre\bin\awt.dll
0x00007ff82e290000 - 0x00007ff82e354000 	C:\WINDOWS\System32\OLEAUT32.dll
0x00007ff8288b0000 - 0x00007ff82893f000 	C:\WINDOWS\SYSTEM32\apphelp.dll
0x00007ff815200000 - 0x00007ff81521a000 	C:\Program Files\AdoptOpenJDK\jdk-8.0.232.09-hotspot\jre\bin\net.dll
0x00007ff82a5d0000 - 0x00007ff82a637000 	C:\WINDOWS\system32\mswsock.dll
0x00007ff8151e0000 - 0x00007ff8151f2000 	C:\Program Files\AdoptOpenJDK\jdk-8.0.232.09-hotspot\jre\bin\nio.dll
0x00007fffe9c50000 - 0x00007fffe9cb4000 	C:\Users\barts\AppData\Local\Temp\lwjglbarts\3.2.3-build-13\lwjgl.dll
0x00007fffe5f50000 - 0x00007fffe5fb2000 	C:\Users\barts\AppData\Local\Temp\lwjglbarts\3.2.3-build-13\glfw.dll
0x00007ff8289b0000 - 0x00007ff828a49000 	C:\WINDOWS\system32\uxtheme.dll
0x00007ff8053c0000 - 0x00007ff805403000 	C:\WINDOWS\SYSTEM32\dinput8.dll
0x00007ff815390000 - 0x00007ff8153a1000 	C:\WINDOWS\SYSTEM32\xinput1_4.dll
0x00007ff82b1e0000 - 0x00007ff82b20a000 	C:\WINDOWS\SYSTEM32\DEVOBJ.dll
0x00007ff828dd0000 - 0x00007ff828dfd000 	C:\WINDOWS\SYSTEM32\dwmapi.dll
0x00007ff81ffc0000 - 0x00007ff8200da000 	C:\WINDOWS\SYSTEM32\inputhost.dll
0x00007ff8284d0000 - 0x00007ff8285a4000 	C:\WINDOWS\SYSTEM32\CoreMessaging.dll
0x00007ff826ff0000 - 0x00007ff8270df000 	C:\WINDOWS\SYSTEM32\PROPSYS.dll
0x00007ff825ed0000 - 0x00007ff826023000 	C:\WINDOWS\SYSTEM32\wintypes.dll
0x00007ff825990000 - 0x00007ff825cba000 	C:\WINDOWS\SYSTEM32\CoreUIComponents.dll
0x00007ff82aec0000 - 0x00007ff82aef1000 	C:\WINDOWS\SYSTEM32\ntmarta.dll
0x00007ff82ca00000 - 0x00007ff82cb36000 	C:\WINDOWS\System32\MSCTF.dll
0x00007ff829210000 - 0x00007ff82921e000 	C:\WINDOWS\SYSTEM32\HID.DLL
0x00007ff82cca0000 - 0x00007ff82d110000 	C:\WINDOWS\System32\SETUPAPI.DLL
0x00007ff82bcb0000 - 0x00007ff82bcd6000 	C:\WINDOWS\System32\bcrypt.dll
0x00007ff82bc50000 - 0x00007ff82bcac000 	C:\WINDOWS\System32\WINTRUST.dll
0x00007ff82b460000 - 0x00007ff82b472000 	C:\WINDOWS\System32\MSASN1.dll
0x00007ff82c480000 - 0x00007ff82c5c9000 	C:\WINDOWS\System32\CRYPT32.dll
0x00007ffff0330000 - 0x00007ffff0486000 	C:\WINDOWS\SYSTEM32\opengl32.dll
0x00007ffff3dc0000 - 0x00007ffff3dec000 	C:\WINDOWS\SYSTEM32\GLU32.dll
0x00007ff8299c0000 - 0x00007ff8299e0000 	C:\WINDOWS\SYSTEM32\dxcore.dll
0x00007fffa7d10000 - 0x00007fffa8bc0000 	C:\WINDOWS\System32\DriverStore\FileRepository\iigd_dch.inf_amd64_a446f8448ecf881c\ig9icd64.dll
0x00007ff829a50000 - 0x00007ff829b3b000 	C:\WINDOWS\system32\dxgi.dll
0x00007fffd5610000 - 0x00007fffd75d8000 	C:\WINDOWS\System32\DriverStore\FileRepository\iigd_dch.inf_amd64_a446f8448ecf881c\igc64.dll
0x00007ff802cd0000 - 0x00007ff802dea000 	C:\WINDOWS\System32\DriverStore\FileRepository\iigd_dch.inf_amd64_a446f8448ecf881c\igdgmm64.dll
0x00007ff82e060000 - 0x00007ff82e1b7000 	C:\WINDOWS\System32\ole32.dll
0x00007ff8200e0000 - 0x00007ff82017e000 	C:\WINDOWS\System32\TextInputFramework.dll
0x00007ff81ba70000 - 0x00007ff81bd16000 	C:\WINDOWS\System32\iertutil.dll
0x00007fffe4860000 - 0x00007fffe48b9000 	C:\Users\barts\AppData\Local\Temp\lwjglbarts\3.2.3-build-13\lwjgl_opengl.dll
0x00007fffa9f20000 - 0x00007fffaa173000 	C:\Users\barts\AppData\Local\Temp\lwjglbarts\3.2.3-build-13\jemalloc.dll
0x00007ff82af00000 - 0x00007ff82b0f4000 	C:\WINDOWS\SYSTEM32\dbghelp.dll

VM Arguments:
jvm_args: -Dfile.encoding=windows-1252 -Duser.country=CA -Duser.language=en -Duser.variant 
java_command: dev.exvaccum.bert.control.graphics.GameWindow
java_class_path (initial): D:\Documents\bert\build\classes\java\main;D:\Documents\bert\build\resources\main;C:\Users\barts\.gradle\caches\modules-2\files-2.1\com.google.guava\guava\28.0-jre\54fed371b4b8a8cce1e94a9abd9620982d3aa54b\guava-28.0-jre.jar;C:\Users\barts\.gradle\caches\modules-2\files-2.1\org.lwjgl\lwjgl-assimp\3.2.3\f62aa07a20afbdd3097efc296c4841e0d29700eb\lwjgl-assimp-3.2.3.jar;C:\Users\barts\.gradle\caches\modules-2\files-2.1\org.lwjgl\lwjgl-assimp\3.2.3\4e60aeb75f0343c4a9ede4ef8b6b32ca702a00a3\lwjgl-assimp-3.2.3-natives-windows.jar;C:\Users\barts\.gradle\caches\modules-2\files-2.1\org.lwjgl\lwjgl-bgfx\3.2.3\433883c4040fa8df47244dffa1d42c96ce2143de\lwjgl-bgfx-3.2.3.jar;C:\Users\barts\.gradle\caches\modules-2\files-2.1\org.lwjgl\lwjgl-bgfx\3.2.3\f589da97dd3cfa96f42c8c812a0a028cf28223b8\lwjgl-bgfx-3.2.3-natives-windows.jar;C:\Users\barts\.gradle\caches\modules-2\files-2.1\org.lwjgl\lwjgl-cuda\3.2.3\fb91f3aaa29e69eee7f1314a63d3e3068ad138e4\lwjgl-cuda-3.2.3.jar;C:\Users\barts\.gradle\caches\modules-2\files-2.1\org.lwjgl\lwjgl-egl\3.2.3\45ad689a4346fac69d4e8696fa02aaa98f0ea196\lwjgl-egl-3.2.3.jar;C:\Users\barts\.gradle\caches\modules-2\files-2.1\org.lwjgl\lwjgl-glfw\3.2.3\5e520d5c290c8b012545a8d34fa5db5ab051ea53\lwjgl-glfw-3.2.3.jar;C:\Users\barts\.gradle\caches\modules-2\files-2.1\org.lwjgl\lwjgl-glfw\3.2.3\b4d8a3477cdc2edcf7a5f1e822926be846223f54\lwjgl-glfw-3.2.3-natives-windows.jar;C:\Users\barts\.gradle\caches\modules-2\files-2.1\org.lwjgl\lwjgl-jawt\3.2.3\b93ceb43c55c28651e178af42e1f344e1e9d8bf3\lwjgl-jawt-3.2.3.jar;C:\Users\barts\.gradle\caches\modules-2\files-2.1\org.lwjgl\lwjgl-jemalloc\3.2.3\b6fd0932171ba3f2eaa4547beddca3a3e645342d\lwjgl-jemalloc-3.2.3.jar;C:\Users\barts\.gradle\caches\modules-2\files-2.1\org.lwjgl\lwjgl-jemalloc\3.2.3\3423fd0d4c7c1916c8f46b2075c4c2df02f22675\lwjgl-jemalloc-3.2.3-natives-windows.jar;C:\Users\barts\.gradle\caches\modules-2\files-2.1\org.lwjgl\lwjgl-libdivide\3.2.3\58c515f934b8b3fd64897d436a9aaea518ac180a\lwjgl-libd
Launcher Type: SUN_STANDARD

Environment Variables:
JAVA_HOME=C:\Program Files\AdoptOpenJDK\jre-13.0.2.8-hotspot\
CLASSPATH=".;C:\Javalib\antlr-complete.jar;";
PATH=C:\Program Files\AdoptOpenJDK\jre-13.0.2.8-hotspot\bin;C:\Perl64\site\bin;C:\Perl64\bin;C:\Program Files\National Instruments\Shared\OpenVINO\;C:\Program Files\AdoptOpenJDK\jdk-8.0.232.09-hotspot\bin;C:\Program Files\AdoptOpenJDK\jre-11.0.4.11-hotspot\bin;C:\Program Files\AdoptOpenJDK\jdk-11.0.4.11-hotspot\bin;C:\Program Files (x86)\Common Files\Oracle\Java\javapath;C:\Windows\system32;C:\Windows;C:\Windows\System32\Wbem;C:\Windows\System32\WindowsPowerShell\v1.0\;C:\Windows\System32\OpenSSH\;C:\Program Files (x86)\NVIDIA Corporation\PhysX\Common;C:\Program Files\NVIDIA Corporation\NVIDIA NvDLISR;C:\Users\Public\frc2019\roborio\bin;C:\Users\Public\frc2019\frccode;C:\Program Files\Git\cmd;C:\WINDOWS\system32;C:\WINDOWS;C:\WINDOWS\System32\Wbem;C:\WINDOWS\System32\WindowsPowerShell\v1.0\;C:\WINDOWS\System32\OpenSSH\;C:\Program Files\PuTTY\;C:\Program Files (x86)\Wolfram Research\WolframScript\;C:\gradle-5.6.2\bin;D:\Documents\antlr\;C:\Program Files\nodejs\;C:\ProgramData\chocolatey\bin;C:\Program Files (x86)\QuickTime\QTSystem\;C:\Users\Public\wpilib\2020\roborio\bin;C:\Users\Public\wpilib\2020\frccode;C:\Users\barts\AppData\Local\Programs\Python\Python38-32;C:\Users\barts\AppData\Local\Programs\Python\Python38-32\Scripts;C:\Program Files\Gource\cmd;C:\Ruby26-x64\bin;C:\Users\barts\AppData\Local\Microsoft\WindowsApps;C:\Users\barts\AppData\Local\atom\bin;C:\Users\Public\frc2019\roborio\bin;C:\Users\Public\frc2019\frccode;C:\Users\barts\AppData\Local\Microsoft\WindowsApps;C:\Users\barts\AppData\Local\Programs\Microsoft VS Code\bin;C:\Program Files\JetBrains\IntelliJ IDEA 2019.2.3\bin;C:\Users\barts\AppData\Roaming\npm;C:\Users\Public\wpilib\2020\roborio\bin;C:\Users\Public\wpilib\2020\frccode;C:\Users\barts\AppData\Local\Keybase\
USERNAME=barts
OS=Windows_NT
PROCESSOR_IDENTIFIER=Intel64 Family 6 Model 158 Stepping 10, GenuineIntel



---------------  S Y S T E M  ---------------

OS: Windows 10.0 , 64 bit Build 18362 (10.0.18362.329)

CPU:total 12 (initial active 12) (6 cores per cpu, 2 threads per core) family 6 model 158 stepping 10, cmov, cx8, fxsr, mmx, sse, sse2, sse3, ssse3, sse4.1, sse4.2, popcnt, avx, avx2, aes, clmul, erms, 3dnowpref, lzcnt, ht, tsc, tscinvbit, bmi1, bmi2, adx

Memory: 4k page, physical 16620788k(4823732k free), swap 26582260k(4721304k free)

vm_info: OpenJDK 64-Bit Server VM (25.232-b09) for windows-amd64 JRE (1.8.0_232-b09), built on Oct 18 2019 15:06:13 by "jenkins" with MS VC++ 12.0 (VS2013)

time: Thu Mar 26 21:24:25 2020
timezone: Eastern Daylight Time
elapsed time: 0 seconds (0d 0h 0m 0s)

